16:51:35.338 [background-preinit] INFO  o.h.v.i.util.Version - [<clinit>,21] - HV000001: Hibernate Validator 8.0.0.Final
16:51:35.735 [main] INFO  c.a.n.c.u.ParamUtil - [<clinit>,87] - [settings] [req-serv] nacos-server port:8848
16:51:35.737 [main] INFO  c.a.n.c.u.ParamUtil - [<clinit>,98] - [settings] [http-client] connect timeout:1000
16:51:35.739 [main] INFO  c.a.n.c.u.ParamUtil - [<clinit>,105] - PER_TASK_CONFIG_SIZE: 3000.0
16:51:35.834 [main] INFO  c.a.n.p.a.s.c.ClientAuthPluginManager - [init,56] - [ClientAuthPluginManager] Load ClientAuthService com.alibaba.nacos.client.auth.impl.NacosClientAuthServiceImpl success.
16:51:35.835 [main] INFO  c.a.n.p.a.s.c.ClientAuthPluginManager - [init,56] - [ClientAuthPluginManager] Load ClientAuthService com.alibaba.nacos.client.auth.ram.RamClientAuthServiceImpl success.
16:51:35.838 [main] INFO  c.a.n.c.a.r.i.CredentialWatcher - [loadCredential,165] - null No credential found
16:51:36.086 [main] INFO  c.a.n.c.c.i.LocalConfigInfoProcessor - [<clinit>,63] - LOCAL_SNAPSHOT_PATH:C:\Users\dell\nacos\config
16:51:36.091 [main] INFO  c.a.n.c.r.client - [lambda$createClient$0,108] - [RpcClientFactory] create a new rpc client of 201b821e-17b4-4819-b196-17af0f8baacc_config-0
16:51:36.108 [main] INFO  c.a.n.c.r.client - [printIfInfoEnabled,63] - [201b821e-17b4-4819-b196-17af0f8baacc_config-0] Register server push request handler:com.alibaba.nacos.client.config.impl.ClientWorker$ConfigRpcTransportClient$$Lambda$517/0x000001609b32efa8
16:51:36.108 [main] INFO  c.a.n.c.r.client - [printIfInfoEnabled,63] - [201b821e-17b4-4819-b196-17af0f8baacc_config-0] Register server push request handler:com.alibaba.nacos.client.config.impl.ClientWorker$ConfigRpcTransportClient$$Lambda$518/0x000001609b32f3c8
16:51:36.109 [main] INFO  c.a.n.c.r.client - [printIfInfoEnabled,63] - [201b821e-17b4-4819-b196-17af0f8baacc_config-0] Registry connection listener to current client:com.alibaba.nacos.client.config.impl.ClientWorker$ConfigRpcTransportClient$1
16:51:36.109 [main] INFO  c.a.n.c.r.client - [printIfInfoEnabled,63] - [201b821e-17b4-4819-b196-17af0f8baacc_config-0] RpcClient init, ServerListFactory = com.alibaba.nacos.client.config.impl.ClientWorker$ConfigRpcTransportClient$2
16:51:36.119 [main] INFO  c.a.n.c.r.client - [printIfInfoEnabled,63] - [201b821e-17b4-4819-b196-17af0f8baacc_config-0] Try to connect to server on start up, server: {serverIp = '127.0.0.1', server main port = 8848}
16:51:36.154 [main] INFO  c.a.n.c.r.c.g.GrpcClient - [createNewManagedChannel,182] - grpc client connection server:127.0.0.1 ip,serverPort:9848,grpcTslConfig:{"sslProvider":"OPENSSL","enableTls":false,"mutualAuthEnable":false,"trustAll":false}
16:51:37.053 [main] INFO  c.a.n.c.r.client - [printIfInfoEnabled,63] - [201b821e-17b4-4819-b196-17af0f8baacc_config-0] Success to connect to server [127.0.0.1:8848] on start up, connectionId = 1756975896839_127.0.0.1_51362
16:51:37.053 [com.alibaba.nacos.client.remote.worker] INFO  c.a.n.c.r.client - [printIfInfoEnabled,63] - [201b821e-17b4-4819-b196-17af0f8baacc_config-0] Notify connected event to listeners.
16:51:37.053 [main] INFO  c.a.n.c.r.client - [printIfInfoEnabled,63] - [201b821e-17b4-4819-b196-17af0f8baacc_config-0] Register server push request handler:com.alibaba.nacos.common.remote.client.RpcClient$ConnectResetRequestHandler
16:51:37.054 [com.alibaba.nacos.client.remote.worker] INFO  c.a.n.c.c.i.ClientWorker - [onConnected,639] - [201b821e-17b4-4819-b196-17af0f8baacc_config-0] Connected,notify listen context...
16:51:37.054 [main] INFO  c.a.n.c.r.client - [printIfInfoEnabled,63] - [201b821e-17b4-4819-b196-17af0f8baacc_config-0] Register server push request handler:com.alibaba.nacos.common.remote.client.RpcClient$$Lambda$540/0x000001609b4751a0
16:51:37.076 [main] INFO  c.a.n.c.c.i.Limiter - [<clinit>,62] - limitTime:5.0
16:51:37.154 [main] INFO  c.a.n.c.c.u.JvmUtil - [<clinit>,54] - isMultiInstance:false
16:51:37.161 [main] INFO  o.s.c.b.c.PropertySourceBootstrapConfiguration - [initialize,108] - Located property source: [BootstrapPropertySource {name='bootstrapProperties-oj-gateway-local.yaml,DEFAULT_GROUP'}, BootstrapPropertySource {name='bootstrapProperties-oj-gateway.yaml,DEFAULT_GROUP'}, BootstrapPropertySource {name='bootstrapProperties-oj-gateway,DEFAULT_GROUP'}]
16:51:37.167 [main] INFO  c.b.g.OjGatewayApplication - [logStartupProfileInfo,636] - The following 1 profile is active: "local"
16:51:37.990 [main] INFO  o.s.d.r.c.RepositoryConfigurationDelegate - [multipleStoresDetected,294] - Multiple Spring Data modules found, entering strict repository configuration mode
16:51:37.998 [main] INFO  o.s.d.r.c.RepositoryConfigurationDelegate - [registerRepositoriesIn,138] - Bootstrapping Spring Data Redis repositories in DEFAULT mode.
16:51:38.054 [main] INFO  o.s.d.r.c.RepositoryConfigurationDelegate - [registerRepositoriesIn,208] - Finished Spring Data repository scanning in 16 ms. Found 0 Redis repository interfaces.
16:51:38.523 [main] INFO  o.s.c.c.s.GenericScope - [setSerializationId,282] - BeanFactory id=dd0f27b4-6f38-3f4f-b993-87acfe707898
16:51:38.748 [main] INFO  o.s.c.s.PostProcessorRegistrationDelegate$BeanPostProcessorChecker - [postProcessAfterInitialization,409] - Bean 'org.springframework.cloud.client.loadbalancer.reactive.LoadBalancerBeanPostProcessorAutoConfiguration' of type [org.springframework.cloud.client.loadbalancer.reactive.LoadBalancerBeanPostProcessorAutoConfiguration] is not eligible for getting processed by all BeanPostProcessors (for example: not eligible for auto-proxying)
16:51:38.750 [main] INFO  o.s.c.s.PostProcessorRegistrationDelegate$BeanPostProcessorChecker - [postProcessAfterInitialization,409] - Bean 'org.springframework.cloud.client.loadbalancer.reactive.LoadBalancerBeanPostProcessorAutoConfiguration$ReactorDeferringLoadBalancerFilterConfig' of type [org.springframework.cloud.client.loadbalancer.reactive.LoadBalancerBeanPostProcessorAutoConfiguration$ReactorDeferringLoadBalancerFilterConfig] is not eligible for getting processed by all BeanPostProcessors (for example: not eligible for auto-proxying)
16:51:38.750 [main] INFO  o.s.c.s.PostProcessorRegistrationDelegate$BeanPostProcessorChecker - [postProcessAfterInitialization,409] - Bean 'reactorDeferringLoadBalancerExchangeFilterFunction' of type [org.springframework.cloud.client.loadbalancer.reactive.DeferringLoadBalancerExchangeFilterFunction] is not eligible for getting processed by all BeanPostProcessors (for example: not eligible for auto-proxying)
16:51:40.682 [main] INFO  o.s.c.g.r.RouteDefinitionRouteLocator - [lambda$initFactories$1,88] - Loaded RoutePredicateFactory [After]
16:51:40.682 [main] INFO  o.s.c.g.r.RouteDefinitionRouteLocator - [lambda$initFactories$1,88] - Loaded RoutePredicateFactory [Before]
16:51:40.682 [main] INFO  o.s.c.g.r.RouteDefinitionRouteLocator - [lambda$initFactories$1,88] - Loaded RoutePredicateFactory [Between]
16:51:40.682 [main] INFO  o.s.c.g.r.RouteDefinitionRouteLocator - [lambda$initFactories$1,88] - Loaded RoutePredicateFactory [Cookie]
16:51:40.682 [main] INFO  o.s.c.g.r.RouteDefinitionRouteLocator - [lambda$initFactories$1,88] - Loaded RoutePredicateFactory [Header]
16:51:40.684 [main] INFO  o.s.c.g.r.RouteDefinitionRouteLocator - [lambda$initFactories$1,88] - Loaded RoutePredicateFactory [Host]
16:51:40.684 [main] INFO  o.s.c.g.r.RouteDefinitionRouteLocator - [lambda$initFactories$1,88] - Loaded RoutePredicateFactory [Method]
16:51:40.684 [main] INFO  o.s.c.g.r.RouteDefinitionRouteLocator - [lambda$initFactories$1,88] - Loaded RoutePredicateFactory [Path]
16:51:40.684 [main] INFO  o.s.c.g.r.RouteDefinitionRouteLocator - [lambda$initFactories$1,88] - Loaded RoutePredicateFactory [Query]
16:51:40.684 [main] INFO  o.s.c.g.r.RouteDefinitionRouteLocator - [lambda$initFactories$1,88] - Loaded RoutePredicateFactory [ReadBody]
16:51:40.684 [main] INFO  o.s.c.g.r.RouteDefinitionRouteLocator - [lambda$initFactories$1,88] - Loaded RoutePredicateFactory [RemoteAddr]
16:51:40.684 [main] INFO  o.s.c.g.r.RouteDefinitionRouteLocator - [lambda$initFactories$1,88] - Loaded RoutePredicateFactory [XForwardedRemoteAddr]
16:51:40.684 [main] INFO  o.s.c.g.r.RouteDefinitionRouteLocator - [lambda$initFactories$1,88] - Loaded RoutePredicateFactory [Weight]
16:51:40.684 [main] INFO  o.s.c.g.r.RouteDefinitionRouteLocator - [lambda$initFactories$1,88] - Loaded RoutePredicateFactory [CloudFoundryRouteService]
16:51:41.154 [main] INFO  o.s.b.a.l.ConditionEvaluationReportLogger - [logMessage,82] - 

Error starting ApplicationContext. To display the condition evaluation report re-run your application with 'debug' enabled.
16:56:20.260 [background-preinit] INFO  o.h.v.i.util.Version - [<clinit>,21] - HV000001: Hibernate Validator 8.0.0.Final
16:56:20.570 [main] INFO  c.a.n.c.u.ParamUtil - [<clinit>,87] - [settings] [req-serv] nacos-server port:8848
16:56:20.571 [main] INFO  c.a.n.c.u.ParamUtil - [<clinit>,98] - [settings] [http-client] connect timeout:1000
16:56:20.572 [main] INFO  c.a.n.c.u.ParamUtil - [<clinit>,105] - PER_TASK_CONFIG_SIZE: 3000.0
16:56:20.680 [main] INFO  c.a.n.p.a.s.c.ClientAuthPluginManager - [init,56] - [ClientAuthPluginManager] Load ClientAuthService com.alibaba.nacos.client.auth.impl.NacosClientAuthServiceImpl success.
16:56:20.681 [main] INFO  c.a.n.p.a.s.c.ClientAuthPluginManager - [init,56] - [ClientAuthPluginManager] Load ClientAuthService com.alibaba.nacos.client.auth.ram.RamClientAuthServiceImpl success.
16:56:20.687 [main] INFO  c.a.n.c.a.r.i.CredentialWatcher - [loadCredential,165] - null No credential found
16:56:20.850 [main] INFO  c.a.n.c.c.i.LocalConfigInfoProcessor - [<clinit>,63] - LOCAL_SNAPSHOT_PATH:C:\Users\dell\nacos\config
16:56:20.854 [main] INFO  c.a.n.c.r.client - [lambda$createClient$0,108] - [RpcClientFactory] create a new rpc client of fc7021fe-c2ce-4be0-9482-d092f745a9f6_config-0
16:56:20.868 [main] INFO  c.a.n.c.r.client - [printIfInfoEnabled,63] - [fc7021fe-c2ce-4be0-9482-d092f745a9f6_config-0] Register server push request handler:com.alibaba.nacos.client.config.impl.ClientWorker$ConfigRpcTransportClient$$Lambda$517/0x000001b44932e718
16:56:20.868 [main] INFO  c.a.n.c.r.client - [printIfInfoEnabled,63] - [fc7021fe-c2ce-4be0-9482-d092f745a9f6_config-0] Register server push request handler:com.alibaba.nacos.client.config.impl.ClientWorker$ConfigRpcTransportClient$$Lambda$518/0x000001b44932eb38
16:56:20.868 [main] INFO  c.a.n.c.r.client - [printIfInfoEnabled,63] - [fc7021fe-c2ce-4be0-9482-d092f745a9f6_config-0] Registry connection listener to current client:com.alibaba.nacos.client.config.impl.ClientWorker$ConfigRpcTransportClient$1
16:56:20.869 [main] INFO  c.a.n.c.r.client - [printIfInfoEnabled,63] - [fc7021fe-c2ce-4be0-9482-d092f745a9f6_config-0] RpcClient init, ServerListFactory = com.alibaba.nacos.client.config.impl.ClientWorker$ConfigRpcTransportClient$2
16:56:20.876 [main] INFO  c.a.n.c.r.client - [printIfInfoEnabled,63] - [fc7021fe-c2ce-4be0-9482-d092f745a9f6_config-0] Try to connect to server on start up, server: {serverIp = '127.0.0.1', server main port = 8848}
16:56:20.905 [main] INFO  c.a.n.c.r.c.g.GrpcClient - [createNewManagedChannel,182] - grpc client connection server:127.0.0.1 ip,serverPort:9848,grpcTslConfig:{"sslProvider":"OPENSSL","enableTls":false,"mutualAuthEnable":false,"trustAll":false}
16:56:21.466 [main] INFO  c.a.n.c.r.client - [printIfInfoEnabled,63] - [fc7021fe-c2ce-4be0-9482-d092f745a9f6_config-0] Success to connect to server [127.0.0.1:8848] on start up, connectionId = 1756976181306_127.0.0.1_51566
16:56:21.469 [com.alibaba.nacos.client.remote.worker] INFO  c.a.n.c.r.client - [printIfInfoEnabled,63] - [fc7021fe-c2ce-4be0-9482-d092f745a9f6_config-0] Notify connected event to listeners.
16:56:21.470 [com.alibaba.nacos.client.remote.worker] INFO  c.a.n.c.c.i.ClientWorker - [onConnected,639] - [fc7021fe-c2ce-4be0-9482-d092f745a9f6_config-0] Connected,notify listen context...
16:56:21.470 [main] INFO  c.a.n.c.r.client - [printIfInfoEnabled,63] - [fc7021fe-c2ce-4be0-9482-d092f745a9f6_config-0] Register server push request handler:com.alibaba.nacos.common.remote.client.RpcClient$ConnectResetRequestHandler
16:56:21.472 [main] INFO  c.a.n.c.r.client - [printIfInfoEnabled,63] - [fc7021fe-c2ce-4be0-9482-d092f745a9f6_config-0] Register server push request handler:com.alibaba.nacos.common.remote.client.RpcClient$$Lambda$540/0x000001b4494751a0
16:56:21.494 [main] INFO  c.a.n.c.c.i.Limiter - [<clinit>,62] - limitTime:5.0
16:56:21.515 [main] INFO  c.a.n.c.c.u.JvmUtil - [<clinit>,54] - isMultiInstance:false
16:56:21.520 [main] INFO  o.s.c.b.c.PropertySourceBootstrapConfiguration - [initialize,108] - Located property source: [BootstrapPropertySource {name='bootstrapProperties-oj-gateway-local.yaml,DEFAULT_GROUP'}, BootstrapPropertySource {name='bootstrapProperties-oj-gateway.yaml,DEFAULT_GROUP'}, BootstrapPropertySource {name='bootstrapProperties-oj-gateway,DEFAULT_GROUP'}]
16:56:21.532 [main] INFO  c.b.g.OjGatewayApplication - [logStartupProfileInfo,636] - The following 1 profile is active: "local"
16:56:22.000 [main] INFO  o.s.d.r.c.RepositoryConfigurationDelegate - [multipleStoresDetected,294] - Multiple Spring Data modules found, entering strict repository configuration mode
16:56:22.003 [main] INFO  o.s.d.r.c.RepositoryConfigurationDelegate - [registerRepositoriesIn,138] - Bootstrapping Spring Data Redis repositories in DEFAULT mode.
16:56:22.023 [main] INFO  o.s.d.r.c.RepositoryConfigurationDelegate - [registerRepositoriesIn,208] - Finished Spring Data repository scanning in 7 ms. Found 0 Redis repository interfaces.
16:56:22.197 [main] INFO  o.s.c.c.s.GenericScope - [setSerializationId,282] - BeanFactory id=9d06a675-b5f0-3825-ab7e-36a87cb987ef
16:56:22.228 [main] INFO  o.s.c.s.PostProcessorRegistrationDelegate$BeanPostProcessorChecker - [postProcessAfterInitialization,409] - Bean 'org.springframework.cloud.client.loadbalancer.reactive.LoadBalancerBeanPostProcessorAutoConfiguration' of type [org.springframework.cloud.client.loadbalancer.reactive.LoadBalancerBeanPostProcessorAutoConfiguration] is not eligible for getting processed by all BeanPostProcessors (for example: not eligible for auto-proxying)
16:56:22.228 [main] INFO  o.s.c.s.PostProcessorRegistrationDelegate$BeanPostProcessorChecker - [postProcessAfterInitialization,409] - Bean 'org.springframework.cloud.client.loadbalancer.reactive.LoadBalancerBeanPostProcessorAutoConfiguration$ReactorDeferringLoadBalancerFilterConfig' of type [org.springframework.cloud.client.loadbalancer.reactive.LoadBalancerBeanPostProcessorAutoConfiguration$ReactorDeferringLoadBalancerFilterConfig] is not eligible for getting processed by all BeanPostProcessors (for example: not eligible for auto-proxying)
16:56:22.230 [main] INFO  o.s.c.s.PostProcessorRegistrationDelegate$BeanPostProcessorChecker - [postProcessAfterInitialization,409] - Bean 'reactorDeferringLoadBalancerExchangeFilterFunction' of type [org.springframework.cloud.client.loadbalancer.reactive.DeferringLoadBalancerExchangeFilterFunction] is not eligible for getting processed by all BeanPostProcessors (for example: not eligible for auto-proxying)
16:56:23.423 [main] INFO  o.s.c.g.r.RouteDefinitionRouteLocator - [lambda$initFactories$1,88] - Loaded RoutePredicateFactory [After]
16:56:23.424 [main] INFO  o.s.c.g.r.RouteDefinitionRouteLocator - [lambda$initFactories$1,88] - Loaded RoutePredicateFactory [Before]
16:56:23.424 [main] INFO  o.s.c.g.r.RouteDefinitionRouteLocator - [lambda$initFactories$1,88] - Loaded RoutePredicateFactory [Between]
16:56:23.425 [main] INFO  o.s.c.g.r.RouteDefinitionRouteLocator - [lambda$initFactories$1,88] - Loaded RoutePredicateFactory [Cookie]
16:56:23.425 [main] INFO  o.s.c.g.r.RouteDefinitionRouteLocator - [lambda$initFactories$1,88] - Loaded RoutePredicateFactory [Header]
16:56:23.425 [main] INFO  o.s.c.g.r.RouteDefinitionRouteLocator - [lambda$initFactories$1,88] - Loaded RoutePredicateFactory [Host]
16:56:23.426 [main] INFO  o.s.c.g.r.RouteDefinitionRouteLocator - [lambda$initFactories$1,88] - Loaded RoutePredicateFactory [Method]
16:56:23.426 [main] INFO  o.s.c.g.r.RouteDefinitionRouteLocator - [lambda$initFactories$1,88] - Loaded RoutePredicateFactory [Path]
16:56:23.426 [main] INFO  o.s.c.g.r.RouteDefinitionRouteLocator - [lambda$initFactories$1,88] - Loaded RoutePredicateFactory [Query]
16:56:23.426 [main] INFO  o.s.c.g.r.RouteDefinitionRouteLocator - [lambda$initFactories$1,88] - Loaded RoutePredicateFactory [ReadBody]
16:56:23.427 [main] INFO  o.s.c.g.r.RouteDefinitionRouteLocator - [lambda$initFactories$1,88] - Loaded RoutePredicateFactory [RemoteAddr]
16:56:23.427 [main] INFO  o.s.c.g.r.RouteDefinitionRouteLocator - [lambda$initFactories$1,88] - Loaded RoutePredicateFactory [XForwardedRemoteAddr]
16:56:23.427 [main] INFO  o.s.c.g.r.RouteDefinitionRouteLocator - [lambda$initFactories$1,88] - Loaded RoutePredicateFactory [Weight]
16:56:23.427 [main] INFO  o.s.c.g.r.RouteDefinitionRouteLocator - [lambda$initFactories$1,88] - Loaded RoutePredicateFactory [CloudFoundryRouteService]
16:56:24.079 [main] INFO  o.s.b.w.e.n.NettyWebServer - [start,111] - Netty started on port 19090
16:56:24.255 [main] INFO  c.a.n.client.naming - [initNamespaceForNaming,62] - initializer namespace from ans.namespace attribute : null
16:56:24.256 [main] INFO  c.a.n.client.naming - [lambda$initNamespaceForNaming$0,66] - initializer namespace from ALIBABA_ALIWARE_NAMESPACE attribute :null
16:56:24.256 [main] INFO  c.a.n.client.naming - [lambda$initNamespaceForNaming$1,73] - initializer namespace from namespace attribute :null
16:56:24.261 [main] INFO  c.a.n.p.a.s.c.ClientAuthPluginManager - [init,56] - [ClientAuthPluginManager] Load ClientAuthService com.alibaba.nacos.client.auth.impl.NacosClientAuthServiceImpl success.
16:56:24.262 [main] INFO  c.a.n.p.a.s.c.ClientAuthPluginManager - [init,56] - [ClientAuthPluginManager] Load ClientAuthService com.alibaba.nacos.client.auth.ram.RamClientAuthServiceImpl success.
16:56:24.271 [main] INFO  c.a.n.c.r.client - [lambda$createClient$0,108] - [RpcClientFactory] create a new rpc client of bbc46bb0-be0a-4fc0-a3af-a98e4b959a96
16:56:24.273 [main] INFO  c.a.n.c.r.client - [printIfInfoEnabled,63] - [bbc46bb0-be0a-4fc0-a3af-a98e4b959a96] RpcClient init, ServerListFactory = com.alibaba.nacos.client.naming.core.ServerListManager
16:56:24.273 [main] INFO  c.a.n.c.r.client - [printIfInfoEnabled,63] - [bbc46bb0-be0a-4fc0-a3af-a98e4b959a96] Registry connection listener to current client:com.alibaba.nacos.client.naming.remote.gprc.redo.NamingGrpcRedoService
16:56:24.273 [main] INFO  c.a.n.c.r.client - [printIfInfoEnabled,63] - [bbc46bb0-be0a-4fc0-a3af-a98e4b959a96] Register server push request handler:com.alibaba.nacos.client.naming.remote.gprc.NamingPushRequestHandler
16:56:24.273 [main] INFO  c.a.n.c.r.client - [printIfInfoEnabled,63] - [bbc46bb0-be0a-4fc0-a3af-a98e4b959a96] Try to connect to server on start up, server: {serverIp = '127.0.0.1', server main port = 8848}
16:56:24.274 [main] INFO  c.a.n.c.r.c.g.GrpcClient - [createNewManagedChannel,182] - grpc client connection server:127.0.0.1 ip,serverPort:9848,grpcTslConfig:{"sslProvider":"OPENSSL","enableTls":false,"mutualAuthEnable":false,"trustAll":false}
16:56:24.395 [main] INFO  c.a.n.c.r.client - [printIfInfoEnabled,63] - [bbc46bb0-be0a-4fc0-a3af-a98e4b959a96] Success to connect to server [127.0.0.1:8848] on start up, connectionId = 1756976184278_127.0.0.1_51567
16:56:24.396 [com.alibaba.nacos.client.remote.worker] INFO  c.a.n.c.r.client - [printIfInfoEnabled,63] - [bbc46bb0-be0a-4fc0-a3af-a98e4b959a96] Notify connected event to listeners.
16:56:24.396 [main] INFO  c.a.n.c.r.client - [printIfInfoEnabled,63] - [bbc46bb0-be0a-4fc0-a3af-a98e4b959a96] Register server push request handler:com.alibaba.nacos.common.remote.client.RpcClient$ConnectResetRequestHandler
16:56:24.396 [main] INFO  c.a.n.c.r.client - [printIfInfoEnabled,63] - [bbc46bb0-be0a-4fc0-a3af-a98e4b959a96] Register server push request handler:com.alibaba.nacos.common.remote.client.RpcClient$$Lambda$540/0x000001b4494751a0
16:56:24.396 [com.alibaba.nacos.client.remote.worker] INFO  c.a.n.client.naming - [onConnected,78] - Grpc connection connect
16:56:24.397 [main] INFO  c.a.n.client.naming - [registerService,121] - [REGISTER-SERVICE] 6da8a526-6d1e-4653-84f9-35a9e7371961 registering service oj-gateway with instance Instance{instanceId='null', ip='192.168.17.200', port=19090, weight=1.0, healthy=true, enabled=true, ephemeral=true, clusterName='DEFAULT', serviceName='null', metadata={IPv6=[2409:893d:7a37:5e2f:7c6:17:e35:ccba], preserved.register.source=SPRING_CLOUD}}
16:56:24.408 [main] INFO  c.a.c.n.r.NacosServiceRegistry - [register,76] - nacos registry, DEFAULT_GROUP oj-gateway 192.168.17.200:19090 register finished
16:56:24.458 [main] INFO  c.b.g.OjGatewayApplication - [logStarted,57] - Started OjGatewayApplication in 4.643 seconds (process running for 5.186)
16:56:24.462 [main] INFO  c.a.n.c.c.i.CacheData - [<clinit>,67] - nacos.cache.data.init.snapshot = true 
16:56:24.464 [main] INFO  c.a.n.c.c.i.ClientWorker - [addCacheDataIfAbsent,380] - [fixed-6da8a526-6d1e-4653-84f9-35a9e7371961-127.0.0.1_8848] [subscribe] oj-gateway-local.yaml+DEFAULT_GROUP+6da8a526-6d1e-4653-84f9-35a9e7371961
16:56:24.469 [main] INFO  c.a.n.c.c.i.CacheData - [addListener,197] - [fixed-6da8a526-6d1e-4653-84f9-35a9e7371961-127.0.0.1_8848] [add-listener] ok, tenant=6da8a526-6d1e-4653-84f9-35a9e7371961, dataId=oj-gateway-local.yaml, group=DEFAULT_GROUP, cnt=1
16:56:24.470 [main] INFO  c.a.c.n.r.NacosContextRefresher - [registerNacosListener,129] - [Nacos Config] Listening config: dataId=oj-gateway-local.yaml, group=DEFAULT_GROUP
16:56:24.470 [main] INFO  c.a.n.c.c.i.ClientWorker - [addCacheDataIfAbsent,380] - [fixed-6da8a526-6d1e-4653-84f9-35a9e7371961-127.0.0.1_8848] [subscribe] oj-gateway+DEFAULT_GROUP+6da8a526-6d1e-4653-84f9-35a9e7371961
16:56:24.471 [main] INFO  c.a.n.c.c.i.CacheData - [addListener,197] - [fixed-6da8a526-6d1e-4653-84f9-35a9e7371961-127.0.0.1_8848] [add-listener] ok, tenant=6da8a526-6d1e-4653-84f9-35a9e7371961, dataId=oj-gateway, group=DEFAULT_GROUP, cnt=1
16:56:24.471 [main] INFO  c.a.c.n.r.NacosContextRefresher - [registerNacosListener,129] - [Nacos Config] Listening config: dataId=oj-gateway, group=DEFAULT_GROUP
16:56:24.471 [main] INFO  c.a.n.c.c.i.ClientWorker - [addCacheDataIfAbsent,380] - [fixed-6da8a526-6d1e-4653-84f9-35a9e7371961-127.0.0.1_8848] [subscribe] oj-gateway.yaml+DEFAULT_GROUP+6da8a526-6d1e-4653-84f9-35a9e7371961
16:56:24.471 [main] INFO  c.a.n.c.c.i.CacheData - [addListener,197] - [fixed-6da8a526-6d1e-4653-84f9-35a9e7371961-127.0.0.1_8848] [add-listener] ok, tenant=6da8a526-6d1e-4653-84f9-35a9e7371961, dataId=oj-gateway.yaml, group=DEFAULT_GROUP, cnt=1
16:56:24.471 [main] INFO  c.a.c.n.r.NacosContextRefresher - [registerNacosListener,129] - [Nacos Config] Listening config: dataId=oj-gateway.yaml, group=DEFAULT_GROUP
17:09:43.539 [boundedElastic-1] INFO  c.a.n.client.naming - [subscribe,167] - [SUBSCRIBE-SERVICE] service:oj-system, group:DEFAULT_GROUP, clusters: 
17:09:43.557 [boundedElastic-1] INFO  c.a.n.client.naming - [isChangedServiceInfo,184] - init new ips(1) service: DEFAULT_GROUP@@oj-system -> [{"ip":"192.168.17.200","port":9201,"weight":1.0,"healthy":true,"enabled":true,"ephemeral":true,"clusterName":"DEFAULT","serviceName":"DEFAULT_GROUP@@oj-system","metadata":{"preserved.register.source":"SPRING_CLOUD","IPv6":"[2409:893d:7a37:5e2f:7c6:17:e35:ccba]"},"ipDeleteTimeout":30000,"instanceHeartBeatTimeOut":15000,"instanceHeartBeatInterval":5000}]
17:09:43.558 [boundedElastic-1] INFO  c.a.n.client.naming - [processServiceInfo,169] - current ips:(1) service: DEFAULT_GROUP@@oj-system -> [{"ip":"192.168.17.200","port":9201,"weight":1.0,"healthy":true,"enabled":true,"ephemeral":true,"clusterName":"DEFAULT","serviceName":"DEFAULT_GROUP@@oj-system","metadata":{"preserved.register.source":"SPRING_CLOUD","IPv6":"[2409:893d:7a37:5e2f:7c6:17:e35:ccba]"},"ipDeleteTimeout":30000,"instanceHeartBeatTimeOut":15000,"instanceHeartBeatInterval":5000}]
17:09:44.403 [nacos-grpc-client-executor-127.0.0.1-195] INFO  c.a.n.c.r.client - [printIfInfoEnabled,63] - [bbc46bb0-be0a-4fc0-a3af-a98e4b959a96] Receive server push request, request = NotifySubscriberRequest, requestId = 1
17:09:44.404 [nacos-grpc-client-executor-127.0.0.1-195] INFO  c.a.n.c.r.client - [printIfInfoEnabled,63] - [bbc46bb0-be0a-4fc0-a3af-a98e4b959a96] Ack server push request, request = NotifySubscriberRequest, requestId = 1
17:10:34.969 [SpringApplicationShutdownHook] INFO  c.a.c.n.r.NacosServiceRegistry - [deregister,95] - De-registering from Nacos Server now...
17:10:34.969 [SpringApplicationShutdownHook] INFO  c.a.n.client.naming - [deregisterService,217] - [DEREGISTER-SERVICE] 6da8a526-6d1e-4653-84f9-35a9e7371961 deregistering service oj-gateway with instance: Instance{instanceId='null', ip='192.168.17.200', port=19090, weight=1.0, healthy=true, enabled=true, ephemeral=true, clusterName='DEFAULT', serviceName='null', metadata={}}
17:10:34.972 [SpringApplicationShutdownHook] INFO  c.a.c.n.r.NacosServiceRegistry - [deregister,115] - De-registration finished.
17:10:34.972 [SpringApplicationShutdownHook] INFO  c.a.n.client.naming - [shutdown,256] - com.alibaba.nacos.client.naming.cache.ServiceInfoHolder do shutdown begin
17:10:34.972 [SpringApplicationShutdownHook] INFO  c.a.n.client.naming - [shutdown,136] - com.alibaba.nacos.client.naming.backups.FailoverReactor do shutdown begin
17:10:34.973 [SpringApplicationShutdownHook] INFO  c.a.n.client.naming - [shutdown,138] - com.alibaba.nacos.client.naming.backups.FailoverReactor do shutdown stop
17:10:34.973 [SpringApplicationShutdownHook] INFO  c.a.n.client.naming - [shutdown,258] - com.alibaba.nacos.client.naming.cache.ServiceInfoHolder do shutdown stop
17:10:34.973 [SpringApplicationShutdownHook] INFO  c.a.n.client.naming - [shutdown,204] - com.alibaba.nacos.client.naming.remote.NamingClientProxyDelegate do shutdown begin
17:10:34.973 [SpringApplicationShutdownHook] INFO  c.a.n.client.naming - [shutdown,143] - com.alibaba.nacos.client.naming.core.ServiceInfoUpdateService do shutdown begin
17:10:34.973 [SpringApplicationShutdownHook] INFO  c.a.n.client.naming - [shutdown,145] - com.alibaba.nacos.client.naming.core.ServiceInfoUpdateService do shutdown stop
17:10:34.973 [SpringApplicationShutdownHook] INFO  c.a.n.client.naming - [shutdown,194] - com.alibaba.nacos.client.naming.core.ServerListManager do shutdown begin
17:10:34.973 [SpringApplicationShutdownHook] INFO  c.a.n.client.naming - [shutdown,199] - com.alibaba.nacos.client.naming.core.ServerListManager do shutdown stop
17:10:34.973 [SpringApplicationShutdownHook] INFO  c.a.n.client.naming - [shutdown,484] - com.alibaba.nacos.client.naming.remote.http.NamingHttpClientProxy do shutdown begin
17:10:34.973 [SpringApplicationShutdownHook] INFO  c.a.n.client.naming - [shutdown,486] - com.alibaba.nacos.client.naming.remote.http.NamingHttpClientProxy do shutdown stop
17:10:34.973 [SpringApplicationShutdownHook] INFO  c.a.n.c.r.client - [shutdown,429] - Shutdown rpc client, set status to shutdown
17:10:34.973 [SpringApplicationShutdownHook] INFO  c.a.n.c.r.client - [shutdown,431] - Shutdown client event executor java.util.concurrent.ScheduledThreadPoolExecutor@694db72b[Running, pool size = 2, active threads = 2, queued tasks = 0, completed tasks = 0]
17:10:34.974 [SpringApplicationShutdownHook] INFO  c.a.n.c.r.client - [closeConnection,584] - Close current connection 1756976184278_127.0.0.1_51567
17:10:34.974 [nacos-grpc-client-executor-127.0.0.1-206] INFO  c.a.n.c.r.c.g.GrpcClient - [printIfInfoEnabled,63] - [1756976184278_127.0.0.1_51567]Ignore complete event,isRunning:false,isAbandon=false
17:10:34.977 [SpringApplicationShutdownHook] INFO  c.a.n.c.r.c.g.GrpcClient - [shutdown,159] - Shutdown grpc executor java.util.concurrent.ThreadPoolExecutor@4a897924[Running, pool size = 4, active threads = 0, queued tasks = 0, completed tasks = 207]
17:10:34.977 [SpringApplicationShutdownHook] INFO  c.a.n.client.naming - [shutdown,318] - Shutdown grpc redo service executor java.util.concurrent.ScheduledThreadPoolExecutor@d1c9d80[Running, pool size = 1, active threads = 0, queued tasks = 1, completed tasks = 282]
17:10:34.978 [SpringApplicationShutdownHook] INFO  c.a.n.c.a.r.i.CredentialWatcher - [stop,106] - [null] CredentialWatcher is stopped
17:10:34.978 [SpringApplicationShutdownHook] INFO  c.a.n.c.a.r.i.CredentialService - [free,100] - [null] CredentialService is freed
17:10:34.979 [SpringApplicationShutdownHook] INFO  c.a.n.client.naming - [shutdown,211] - com.alibaba.nacos.client.naming.remote.NamingClientProxyDelegate do shutdown stop
17:10:42.762 [background-preinit] INFO  o.h.v.i.util.Version - [<clinit>,21] - HV000001: Hibernate Validator 8.0.0.Final
17:10:43.234 [main] INFO  c.a.n.c.u.ParamUtil - [<clinit>,87] - [settings] [req-serv] nacos-server port:8848
17:10:43.235 [main] INFO  c.a.n.c.u.ParamUtil - [<clinit>,98] - [settings] [http-client] connect timeout:1000
17:10:43.237 [main] INFO  c.a.n.c.u.ParamUtil - [<clinit>,105] - PER_TASK_CONFIG_SIZE: 3000.0
17:10:43.336 [main] INFO  c.a.n.p.a.s.c.ClientAuthPluginManager - [init,56] - [ClientAuthPluginManager] Load ClientAuthService com.alibaba.nacos.client.auth.impl.NacosClientAuthServiceImpl success.
17:10:43.337 [main] INFO  c.a.n.p.a.s.c.ClientAuthPluginManager - [init,56] - [ClientAuthPluginManager] Load ClientAuthService com.alibaba.nacos.client.auth.ram.RamClientAuthServiceImpl success.
17:10:43.340 [main] INFO  c.a.n.c.a.r.i.CredentialWatcher - [loadCredential,165] - null No credential found
17:10:43.609 [main] INFO  c.a.n.c.c.i.LocalConfigInfoProcessor - [<clinit>,63] - LOCAL_SNAPSHOT_PATH:C:\Users\dell\nacos\config
17:10:43.613 [main] INFO  c.a.n.c.r.client - [lambda$createClient$0,108] - [RpcClientFactory] create a new rpc client of ae5f787d-6c50-4680-90cf-44bea2c947d3_config-0
17:10:43.628 [main] INFO  c.a.n.c.r.client - [printIfInfoEnabled,63] - [ae5f787d-6c50-4680-90cf-44bea2c947d3_config-0] Register server push request handler:com.alibaba.nacos.client.config.impl.ClientWorker$ConfigRpcTransportClient$$Lambda$517/0x000001a12232efc0
17:10:43.628 [main] INFO  c.a.n.c.r.client - [printIfInfoEnabled,63] - [ae5f787d-6c50-4680-90cf-44bea2c947d3_config-0] Register server push request handler:com.alibaba.nacos.client.config.impl.ClientWorker$ConfigRpcTransportClient$$Lambda$518/0x000001a12232f3e0
17:10:43.630 [main] INFO  c.a.n.c.r.client - [printIfInfoEnabled,63] - [ae5f787d-6c50-4680-90cf-44bea2c947d3_config-0] Registry connection listener to current client:com.alibaba.nacos.client.config.impl.ClientWorker$ConfigRpcTransportClient$1
17:10:43.631 [main] INFO  c.a.n.c.r.client - [printIfInfoEnabled,63] - [ae5f787d-6c50-4680-90cf-44bea2c947d3_config-0] RpcClient init, ServerListFactory = com.alibaba.nacos.client.config.impl.ClientWorker$ConfigRpcTransportClient$2
17:10:43.639 [main] INFO  c.a.n.c.r.client - [printIfInfoEnabled,63] - [ae5f787d-6c50-4680-90cf-44bea2c947d3_config-0] Try to connect to server on start up, server: {serverIp = '127.0.0.1', server main port = 8848}
17:10:43.675 [main] INFO  c.a.n.c.r.c.g.GrpcClient - [createNewManagedChannel,182] - grpc client connection server:127.0.0.1 ip,serverPort:9848,grpcTslConfig:{"sslProvider":"OPENSSL","enableTls":false,"mutualAuthEnable":false,"trustAll":false}
17:10:44.422 [main] INFO  c.a.n.c.r.client - [printIfInfoEnabled,63] - [ae5f787d-6c50-4680-90cf-44bea2c947d3_config-0] Success to connect to server [127.0.0.1:8848] on start up, connectionId = 1756977044247_127.0.0.1_51759
17:10:44.423 [com.alibaba.nacos.client.remote.worker] INFO  c.a.n.c.r.client - [printIfInfoEnabled,63] - [ae5f787d-6c50-4680-90cf-44bea2c947d3_config-0] Notify connected event to listeners.
17:10:44.423 [main] INFO  c.a.n.c.r.client - [printIfInfoEnabled,63] - [ae5f787d-6c50-4680-90cf-44bea2c947d3_config-0] Register server push request handler:com.alibaba.nacos.common.remote.client.RpcClient$ConnectResetRequestHandler
17:10:44.423 [com.alibaba.nacos.client.remote.worker] INFO  c.a.n.c.c.i.ClientWorker - [onConnected,639] - [ae5f787d-6c50-4680-90cf-44bea2c947d3_config-0] Connected,notify listen context...
17:10:44.423 [main] INFO  c.a.n.c.r.client - [printIfInfoEnabled,63] - [ae5f787d-6c50-4680-90cf-44bea2c947d3_config-0] Register server push request handler:com.alibaba.nacos.common.remote.client.RpcClient$$Lambda$540/0x000001a122475850
17:10:44.457 [main] INFO  c.a.n.c.c.i.Limiter - [<clinit>,62] - limitTime:5.0
17:10:44.500 [main] INFO  c.a.n.c.c.u.JvmUtil - [<clinit>,54] - isMultiInstance:false
17:10:44.508 [main] INFO  o.s.c.b.c.PropertySourceBootstrapConfiguration - [initialize,108] - Located property source: [BootstrapPropertySource {name='bootstrapProperties-oj-gateway-local.yaml,DEFAULT_GROUP'}, BootstrapPropertySource {name='bootstrapProperties-oj-gateway.yaml,DEFAULT_GROUP'}, BootstrapPropertySource {name='bootstrapProperties-oj-gateway,DEFAULT_GROUP'}]
17:10:44.518 [main] INFO  c.b.g.OjGatewayApplication - [logStartupProfileInfo,636] - The following 1 profile is active: "local"
17:10:45.203 [main] INFO  o.s.d.r.c.RepositoryConfigurationDelegate - [multipleStoresDetected,294] - Multiple Spring Data modules found, entering strict repository configuration mode
17:10:45.208 [main] INFO  o.s.d.r.c.RepositoryConfigurationDelegate - [registerRepositoriesIn,138] - Bootstrapping Spring Data Redis repositories in DEFAULT mode.
17:10:45.249 [main] INFO  o.s.d.r.c.RepositoryConfigurationDelegate - [registerRepositoriesIn,208] - Finished Spring Data repository scanning in 16 ms. Found 0 Redis repository interfaces.
17:10:45.518 [main] INFO  o.s.c.c.s.GenericScope - [setSerializationId,282] - BeanFactory id=9d06a675-b5f0-3825-ab7e-36a87cb987ef
17:10:45.582 [main] INFO  o.s.c.s.PostProcessorRegistrationDelegate$BeanPostProcessorChecker - [postProcessAfterInitialization,409] - Bean 'org.springframework.cloud.client.loadbalancer.reactive.LoadBalancerBeanPostProcessorAutoConfiguration' of type [org.springframework.cloud.client.loadbalancer.reactive.LoadBalancerBeanPostProcessorAutoConfiguration] is not eligible for getting processed by all BeanPostProcessors (for example: not eligible for auto-proxying)
17:10:45.584 [main] INFO  o.s.c.s.PostProcessorRegistrationDelegate$BeanPostProcessorChecker - [postProcessAfterInitialization,409] - Bean 'org.springframework.cloud.client.loadbalancer.reactive.LoadBalancerBeanPostProcessorAutoConfiguration$ReactorDeferringLoadBalancerFilterConfig' of type [org.springframework.cloud.client.loadbalancer.reactive.LoadBalancerBeanPostProcessorAutoConfiguration$ReactorDeferringLoadBalancerFilterConfig] is not eligible for getting processed by all BeanPostProcessors (for example: not eligible for auto-proxying)
17:10:45.586 [main] INFO  o.s.c.s.PostProcessorRegistrationDelegate$BeanPostProcessorChecker - [postProcessAfterInitialization,409] - Bean 'reactorDeferringLoadBalancerExchangeFilterFunction' of type [org.springframework.cloud.client.loadbalancer.reactive.DeferringLoadBalancerExchangeFilterFunction] is not eligible for getting processed by all BeanPostProcessors (for example: not eligible for auto-proxying)
17:10:47.070 [main] INFO  o.s.c.g.r.RouteDefinitionRouteLocator - [lambda$initFactories$1,88] - Loaded RoutePredicateFactory [After]
17:10:47.070 [main] INFO  o.s.c.g.r.RouteDefinitionRouteLocator - [lambda$initFactories$1,88] - Loaded RoutePredicateFactory [Before]
17:10:47.070 [main] INFO  o.s.c.g.r.RouteDefinitionRouteLocator - [lambda$initFactories$1,88] - Loaded RoutePredicateFactory [Between]
17:10:47.070 [main] INFO  o.s.c.g.r.RouteDefinitionRouteLocator - [lambda$initFactories$1,88] - Loaded RoutePredicateFactory [Cookie]
17:10:47.070 [main] INFO  o.s.c.g.r.RouteDefinitionRouteLocator - [lambda$initFactories$1,88] - Loaded RoutePredicateFactory [Header]
17:10:47.071 [main] INFO  o.s.c.g.r.RouteDefinitionRouteLocator - [lambda$initFactories$1,88] - Loaded RoutePredicateFactory [Host]
17:10:47.071 [main] INFO  o.s.c.g.r.RouteDefinitionRouteLocator - [lambda$initFactories$1,88] - Loaded RoutePredicateFactory [Method]
17:10:47.071 [main] INFO  o.s.c.g.r.RouteDefinitionRouteLocator - [lambda$initFactories$1,88] - Loaded RoutePredicateFactory [Path]
17:10:47.071 [main] INFO  o.s.c.g.r.RouteDefinitionRouteLocator - [lambda$initFactories$1,88] - Loaded RoutePredicateFactory [Query]
17:10:47.071 [main] INFO  o.s.c.g.r.RouteDefinitionRouteLocator - [lambda$initFactories$1,88] - Loaded RoutePredicateFactory [ReadBody]
17:10:47.072 [main] INFO  o.s.c.g.r.RouteDefinitionRouteLocator - [lambda$initFactories$1,88] - Loaded RoutePredicateFactory [RemoteAddr]
17:10:47.072 [main] INFO  o.s.c.g.r.RouteDefinitionRouteLocator - [lambda$initFactories$1,88] - Loaded RoutePredicateFactory [XForwardedRemoteAddr]
17:10:47.072 [main] INFO  o.s.c.g.r.RouteDefinitionRouteLocator - [lambda$initFactories$1,88] - Loaded RoutePredicateFactory [Weight]
17:10:47.072 [main] INFO  o.s.c.g.r.RouteDefinitionRouteLocator - [lambda$initFactories$1,88] - Loaded RoutePredicateFactory [CloudFoundryRouteService]
17:10:47.536 [main] INFO  o.s.b.w.e.n.NettyWebServer - [start,111] - Netty started on port 19090
17:10:47.703 [main] INFO  c.a.n.client.naming - [initNamespaceForNaming,62] - initializer namespace from ans.namespace attribute : null
17:10:47.704 [main] INFO  c.a.n.client.naming - [lambda$initNamespaceForNaming$0,66] - initializer namespace from ALIBABA_ALIWARE_NAMESPACE attribute :null
17:10:47.704 [main] INFO  c.a.n.client.naming - [lambda$initNamespaceForNaming$1,73] - initializer namespace from namespace attribute :null
17:10:47.709 [main] INFO  c.a.n.p.a.s.c.ClientAuthPluginManager - [init,56] - [ClientAuthPluginManager] Load ClientAuthService com.alibaba.nacos.client.auth.impl.NacosClientAuthServiceImpl success.
17:10:47.709 [main] INFO  c.a.n.p.a.s.c.ClientAuthPluginManager - [init,56] - [ClientAuthPluginManager] Load ClientAuthService com.alibaba.nacos.client.auth.ram.RamClientAuthServiceImpl success.
17:10:47.712 [main] INFO  c.a.n.c.r.client - [lambda$createClient$0,108] - [RpcClientFactory] create a new rpc client of 3fc42b4b-7dae-4a58-b52a-88bf646c77c5
17:10:47.713 [main] INFO  c.a.n.c.r.client - [printIfInfoEnabled,63] - [3fc42b4b-7dae-4a58-b52a-88bf646c77c5] RpcClient init, ServerListFactory = com.alibaba.nacos.client.naming.core.ServerListManager
17:10:47.713 [main] INFO  c.a.n.c.r.client - [printIfInfoEnabled,63] - [3fc42b4b-7dae-4a58-b52a-88bf646c77c5] Registry connection listener to current client:com.alibaba.nacos.client.naming.remote.gprc.redo.NamingGrpcRedoService
17:10:47.713 [main] INFO  c.a.n.c.r.client - [printIfInfoEnabled,63] - [3fc42b4b-7dae-4a58-b52a-88bf646c77c5] Register server push request handler:com.alibaba.nacos.client.naming.remote.gprc.NamingPushRequestHandler
17:10:47.714 [main] INFO  c.a.n.c.r.client - [printIfInfoEnabled,63] - [3fc42b4b-7dae-4a58-b52a-88bf646c77c5] Try to connect to server on start up, server: {serverIp = '127.0.0.1', server main port = 8848}
17:10:47.714 [main] INFO  c.a.n.c.r.c.g.GrpcClient - [createNewManagedChannel,182] - grpc client connection server:127.0.0.1 ip,serverPort:9848,grpcTslConfig:{"sslProvider":"OPENSSL","enableTls":false,"mutualAuthEnable":false,"trustAll":false}
17:10:47.832 [main] INFO  c.a.n.c.r.client - [printIfInfoEnabled,63] - [3fc42b4b-7dae-4a58-b52a-88bf646c77c5] Success to connect to server [127.0.0.1:8848] on start up, connectionId = 1756977047719_127.0.0.1_51761
17:10:47.832 [main] INFO  c.a.n.c.r.client - [printIfInfoEnabled,63] - [3fc42b4b-7dae-4a58-b52a-88bf646c77c5] Register server push request handler:com.alibaba.nacos.common.remote.client.RpcClient$ConnectResetRequestHandler
17:10:47.832 [com.alibaba.nacos.client.remote.worker] INFO  c.a.n.c.r.client - [printIfInfoEnabled,63] - [3fc42b4b-7dae-4a58-b52a-88bf646c77c5] Notify connected event to listeners.
17:10:47.833 [com.alibaba.nacos.client.remote.worker] INFO  c.a.n.client.naming - [onConnected,78] - Grpc connection connect
17:10:47.833 [main] INFO  c.a.n.c.r.client - [printIfInfoEnabled,63] - [3fc42b4b-7dae-4a58-b52a-88bf646c77c5] Register server push request handler:com.alibaba.nacos.common.remote.client.RpcClient$$Lambda$540/0x000001a122475850
17:10:47.836 [main] INFO  c.a.n.client.naming - [registerService,121] - [REGISTER-SERVICE] 6da8a526-6d1e-4653-84f9-35a9e7371961 registering service oj-gateway with instance Instance{instanceId='null', ip='192.168.17.200', port=19090, weight=1.0, healthy=true, enabled=true, ephemeral=true, clusterName='DEFAULT', serviceName='null', metadata={IPv6=[2409:893d:7a37:5e2f:7c6:17:e35:ccba], preserved.register.source=SPRING_CLOUD}}
17:10:47.843 [main] INFO  c.a.c.n.r.NacosServiceRegistry - [register,76] - nacos registry, DEFAULT_GROUP oj-gateway 192.168.17.200:19090 register finished
17:10:47.893 [main] INFO  c.b.g.OjGatewayApplication - [logStarted,57] - Started OjGatewayApplication in 5.739 seconds (process running for 6.485)
17:10:47.897 [main] INFO  c.a.n.c.c.i.CacheData - [<clinit>,67] - nacos.cache.data.init.snapshot = true 
17:10:47.898 [main] INFO  c.a.n.c.c.i.ClientWorker - [addCacheDataIfAbsent,380] - [fixed-6da8a526-6d1e-4653-84f9-35a9e7371961-127.0.0.1_8848] [subscribe] oj-gateway-local.yaml+DEFAULT_GROUP+6da8a526-6d1e-4653-84f9-35a9e7371961
17:10:47.903 [main] INFO  c.a.n.c.c.i.CacheData - [addListener,197] - [fixed-6da8a526-6d1e-4653-84f9-35a9e7371961-127.0.0.1_8848] [add-listener] ok, tenant=6da8a526-6d1e-4653-84f9-35a9e7371961, dataId=oj-gateway-local.yaml, group=DEFAULT_GROUP, cnt=1
17:10:47.903 [main] INFO  c.a.c.n.r.NacosContextRefresher - [registerNacosListener,129] - [Nacos Config] Listening config: dataId=oj-gateway-local.yaml, group=DEFAULT_GROUP
17:10:47.903 [main] INFO  c.a.n.c.c.i.ClientWorker - [addCacheDataIfAbsent,380] - [fixed-6da8a526-6d1e-4653-84f9-35a9e7371961-127.0.0.1_8848] [subscribe] oj-gateway+DEFAULT_GROUP+6da8a526-6d1e-4653-84f9-35a9e7371961
17:10:47.904 [main] INFO  c.a.n.c.c.i.CacheData - [addListener,197] - [fixed-6da8a526-6d1e-4653-84f9-35a9e7371961-127.0.0.1_8848] [add-listener] ok, tenant=6da8a526-6d1e-4653-84f9-35a9e7371961, dataId=oj-gateway, group=DEFAULT_GROUP, cnt=1
17:10:47.904 [main] INFO  c.a.c.n.r.NacosContextRefresher - [registerNacosListener,129] - [Nacos Config] Listening config: dataId=oj-gateway, group=DEFAULT_GROUP
17:10:47.904 [main] INFO  c.a.n.c.c.i.ClientWorker - [addCacheDataIfAbsent,380] - [fixed-6da8a526-6d1e-4653-84f9-35a9e7371961-127.0.0.1_8848] [subscribe] oj-gateway.yaml+DEFAULT_GROUP+6da8a526-6d1e-4653-84f9-35a9e7371961
17:10:47.904 [main] INFO  c.a.n.c.c.i.CacheData - [addListener,197] - [fixed-6da8a526-6d1e-4653-84f9-35a9e7371961-127.0.0.1_8848] [add-listener] ok, tenant=6da8a526-6d1e-4653-84f9-35a9e7371961, dataId=oj-gateway.yaml, group=DEFAULT_GROUP, cnt=1
17:10:47.904 [main] INFO  c.a.c.n.r.NacosContextRefresher - [registerNacosListener,129] - [Nacos Config] Listening config: dataId=oj-gateway.yaml, group=DEFAULT_GROUP
17:11:52.076 [boundedElastic-1] INFO  c.a.n.client.naming - [subscribe,167] - [SUBSCRIBE-SERVICE] service:oj-system, group:DEFAULT_GROUP, clusters: 
17:11:52.099 [boundedElastic-1] INFO  c.a.n.client.naming - [isChangedServiceInfo,184] - init new ips(1) service: DEFAULT_GROUP@@oj-system -> [{"ip":"192.168.17.200","port":9201,"weight":1.0,"healthy":true,"enabled":true,"ephemeral":true,"clusterName":"DEFAULT","serviceName":"DEFAULT_GROUP@@oj-system","metadata":{"preserved.register.source":"SPRING_CLOUD","IPv6":"[2409:893d:7a37:5e2f:7c6:17:e35:ccba]"},"instanceHeartBeatInterval":5000,"instanceHeartBeatTimeOut":15000,"ipDeleteTimeout":30000}]
17:11:52.101 [boundedElastic-1] INFO  c.a.n.client.naming - [processServiceInfo,169] - current ips:(1) service: DEFAULT_GROUP@@oj-system -> [{"ip":"192.168.17.200","port":9201,"weight":1.0,"healthy":true,"enabled":true,"ephemeral":true,"clusterName":"DEFAULT","serviceName":"DEFAULT_GROUP@@oj-system","metadata":{"preserved.register.source":"SPRING_CLOUD","IPv6":"[2409:893d:7a37:5e2f:7c6:17:e35:ccba]"},"instanceHeartBeatInterval":5000,"instanceHeartBeatTimeOut":15000,"ipDeleteTimeout":30000}]
17:11:52.649 [nacos-grpc-client-executor-127.0.0.1-22] INFO  c.a.n.c.r.client - [printIfInfoEnabled,63] - [3fc42b4b-7dae-4a58-b52a-88bf646c77c5] Receive server push request, request = NotifySubscriberRequest, requestId = 2
17:11:52.650 [nacos-grpc-client-executor-127.0.0.1-22] INFO  c.a.n.c.r.client - [printIfInfoEnabled,63] - [3fc42b4b-7dae-4a58-b52a-88bf646c77c5] Ack server push request, request = NotifySubscriberRequest, requestId = 2
17:24:56.775 [SpringApplicationShutdownHook] INFO  c.a.c.n.r.NacosServiceRegistry - [deregister,95] - De-registering from Nacos Server now...
17:24:56.775 [SpringApplicationShutdownHook] INFO  c.a.n.client.naming - [deregisterService,217] - [DEREGISTER-SERVICE] 6da8a526-6d1e-4653-84f9-35a9e7371961 deregistering service oj-gateway with instance: Instance{instanceId='null', ip='192.168.17.200', port=19090, weight=1.0, healthy=true, enabled=true, ephemeral=true, clusterName='DEFAULT', serviceName='null', metadata={}}
17:24:56.777 [SpringApplicationShutdownHook] INFO  c.a.c.n.r.NacosServiceRegistry - [deregister,115] - De-registration finished.
17:24:56.779 [SpringApplicationShutdownHook] INFO  c.a.n.client.naming - [shutdown,256] - com.alibaba.nacos.client.naming.cache.ServiceInfoHolder do shutdown begin
17:24:56.779 [SpringApplicationShutdownHook] INFO  c.a.n.client.naming - [shutdown,136] - com.alibaba.nacos.client.naming.backups.FailoverReactor do shutdown begin
17:24:56.779 [SpringApplicationShutdownHook] INFO  c.a.n.client.naming - [shutdown,138] - com.alibaba.nacos.client.naming.backups.FailoverReactor do shutdown stop
17:24:56.779 [SpringApplicationShutdownHook] INFO  c.a.n.client.naming - [shutdown,258] - com.alibaba.nacos.client.naming.cache.ServiceInfoHolder do shutdown stop
17:24:56.779 [SpringApplicationShutdownHook] INFO  c.a.n.client.naming - [shutdown,204] - com.alibaba.nacos.client.naming.remote.NamingClientProxyDelegate do shutdown begin
17:24:56.779 [SpringApplicationShutdownHook] INFO  c.a.n.client.naming - [shutdown,143] - com.alibaba.nacos.client.naming.core.ServiceInfoUpdateService do shutdown begin
17:24:56.779 [SpringApplicationShutdownHook] INFO  c.a.n.client.naming - [shutdown,145] - com.alibaba.nacos.client.naming.core.ServiceInfoUpdateService do shutdown stop
17:24:56.779 [SpringApplicationShutdownHook] INFO  c.a.n.client.naming - [shutdown,194] - com.alibaba.nacos.client.naming.core.ServerListManager do shutdown begin
17:24:56.780 [SpringApplicationShutdownHook] INFO  c.a.n.client.naming - [shutdown,199] - com.alibaba.nacos.client.naming.core.ServerListManager do shutdown stop
17:24:56.781 [SpringApplicationShutdownHook] INFO  c.a.n.client.naming - [shutdown,484] - com.alibaba.nacos.client.naming.remote.http.NamingHttpClientProxy do shutdown begin
17:24:56.781 [SpringApplicationShutdownHook] INFO  c.a.n.client.naming - [shutdown,486] - com.alibaba.nacos.client.naming.remote.http.NamingHttpClientProxy do shutdown stop
17:24:56.781 [SpringApplicationShutdownHook] INFO  c.a.n.c.r.client - [shutdown,429] - Shutdown rpc client, set status to shutdown
17:24:56.781 [SpringApplicationShutdownHook] INFO  c.a.n.c.r.client - [shutdown,431] - Shutdown client event executor java.util.concurrent.ScheduledThreadPoolExecutor@1bfe481f[Running, pool size = 2, active threads = 2, queued tasks = 0, completed tasks = 0]
17:24:56.781 [SpringApplicationShutdownHook] INFO  c.a.n.c.r.client - [closeConnection,584] - Close current connection 1756977047719_127.0.0.1_51761
17:24:56.782 [nacos-grpc-client-executor-127.0.0.1-188] INFO  c.a.n.c.r.c.g.GrpcClient - [printIfInfoEnabled,63] - [1756977047719_127.0.0.1_51761]Ignore complete event,isRunning:false,isAbandon=false
17:24:56.786 [SpringApplicationShutdownHook] INFO  c.a.n.c.r.c.g.GrpcClient - [shutdown,159] - Shutdown grpc executor java.util.concurrent.ThreadPoolExecutor@48cd2f6f[Running, pool size = 4, active threads = 0, queued tasks = 0, completed tasks = 189]
17:24:56.786 [SpringApplicationShutdownHook] INFO  c.a.n.client.naming - [shutdown,318] - Shutdown grpc redo service executor java.util.concurrent.ScheduledThreadPoolExecutor@2347c923[Running, pool size = 1, active threads = 0, queued tasks = 1, completed tasks = 282]
17:24:56.786 [SpringApplicationShutdownHook] INFO  c.a.n.c.a.r.i.CredentialWatcher - [stop,106] - [null] CredentialWatcher is stopped
17:24:56.786 [SpringApplicationShutdownHook] INFO  c.a.n.c.a.r.i.CredentialService - [free,100] - [null] CredentialService is freed
17:24:56.787 [SpringApplicationShutdownHook] INFO  c.a.n.client.naming - [shutdown,211] - com.alibaba.nacos.client.naming.remote.NamingClientProxyDelegate do shutdown stop
17:25:07.969 [background-preinit] INFO  o.h.v.i.util.Version - [<clinit>,21] - HV000001: Hibernate Validator 8.0.0.Final
17:25:08.397 [main] INFO  c.a.n.c.u.ParamUtil - [<clinit>,87] - [settings] [req-serv] nacos-server port:8848
17:25:08.397 [main] INFO  c.a.n.c.u.ParamUtil - [<clinit>,98] - [settings] [http-client] connect timeout:1000
17:25:08.399 [main] INFO  c.a.n.c.u.ParamUtil - [<clinit>,105] - PER_TASK_CONFIG_SIZE: 3000.0
17:25:08.500 [main] INFO  c.a.n.p.a.s.c.ClientAuthPluginManager - [init,56] - [ClientAuthPluginManager] Load ClientAuthService com.alibaba.nacos.client.auth.impl.NacosClientAuthServiceImpl success.
17:25:08.500 [main] INFO  c.a.n.p.a.s.c.ClientAuthPluginManager - [init,56] - [ClientAuthPluginManager] Load ClientAuthService com.alibaba.nacos.client.auth.ram.RamClientAuthServiceImpl success.
17:25:08.505 [main] INFO  c.a.n.c.a.r.i.CredentialWatcher - [loadCredential,165] - null No credential found
17:25:08.764 [main] INFO  c.a.n.c.c.i.LocalConfigInfoProcessor - [<clinit>,63] - LOCAL_SNAPSHOT_PATH:C:\Users\dell\nacos\config
17:25:08.767 [main] INFO  c.a.n.c.r.client - [lambda$createClient$0,108] - [RpcClientFactory] create a new rpc client of 2d1329c7-73b2-4dc3-9154-5db30c9af500_config-0
17:25:08.785 [main] INFO  c.a.n.c.r.client - [printIfInfoEnabled,63] - [2d1329c7-73b2-4dc3-9154-5db30c9af500_config-0] Register server push request handler:com.alibaba.nacos.client.config.impl.ClientWorker$ConfigRpcTransportClient$$Lambda$517/0x000002584332eda8
17:25:08.785 [main] INFO  c.a.n.c.r.client - [printIfInfoEnabled,63] - [2d1329c7-73b2-4dc3-9154-5db30c9af500_config-0] Register server push request handler:com.alibaba.nacos.client.config.impl.ClientWorker$ConfigRpcTransportClient$$Lambda$518/0x000002584332f1c8
17:25:08.786 [main] INFO  c.a.n.c.r.client - [printIfInfoEnabled,63] - [2d1329c7-73b2-4dc3-9154-5db30c9af500_config-0] Registry connection listener to current client:com.alibaba.nacos.client.config.impl.ClientWorker$ConfigRpcTransportClient$1
17:25:08.786 [main] INFO  c.a.n.c.r.client - [printIfInfoEnabled,63] - [2d1329c7-73b2-4dc3-9154-5db30c9af500_config-0] RpcClient init, ServerListFactory = com.alibaba.nacos.client.config.impl.ClientWorker$ConfigRpcTransportClient$2
17:25:08.796 [main] INFO  c.a.n.c.r.client - [printIfInfoEnabled,63] - [2d1329c7-73b2-4dc3-9154-5db30c9af500_config-0] Try to connect to server on start up, server: {serverIp = '127.0.0.1', server main port = 8848}
17:25:08.834 [main] INFO  c.a.n.c.r.c.g.GrpcClient - [createNewManagedChannel,182] - grpc client connection server:127.0.0.1 ip,serverPort:9848,grpcTslConfig:{"sslProvider":"OPENSSL","enableTls":false,"mutualAuthEnable":false,"trustAll":false}
17:25:09.604 [main] INFO  c.a.n.c.r.client - [printIfInfoEnabled,63] - [2d1329c7-73b2-4dc3-9154-5db30c9af500_config-0] Success to connect to server [127.0.0.1:8848] on start up, connectionId = 1756977909423_127.0.0.1_52020
17:25:09.604 [com.alibaba.nacos.client.remote.worker] INFO  c.a.n.c.r.client - [printIfInfoEnabled,63] - [2d1329c7-73b2-4dc3-9154-5db30c9af500_config-0] Notify connected event to listeners.
17:25:09.604 [com.alibaba.nacos.client.remote.worker] INFO  c.a.n.c.c.i.ClientWorker - [onConnected,639] - [2d1329c7-73b2-4dc3-9154-5db30c9af500_config-0] Connected,notify listen context...
17:25:09.604 [main] INFO  c.a.n.c.r.client - [printIfInfoEnabled,63] - [2d1329c7-73b2-4dc3-9154-5db30c9af500_config-0] Register server push request handler:com.alibaba.nacos.common.remote.client.RpcClient$ConnectResetRequestHandler
17:25:09.606 [main] INFO  c.a.n.c.r.client - [printIfInfoEnabled,63] - [2d1329c7-73b2-4dc3-9154-5db30c9af500_config-0] Register server push request handler:com.alibaba.nacos.common.remote.client.RpcClient$$Lambda$540/0x0000025843476150
17:25:09.633 [main] INFO  c.a.n.c.c.i.Limiter - [<clinit>,62] - limitTime:5.0
17:25:09.660 [main] INFO  c.a.n.c.c.u.JvmUtil - [<clinit>,54] - isMultiInstance:false
17:25:09.671 [main] INFO  o.s.c.b.c.PropertySourceBootstrapConfiguration - [initialize,108] - Located property source: [BootstrapPropertySource {name='bootstrapProperties-oj-gateway-local.yaml,DEFAULT_GROUP'}, BootstrapPropertySource {name='bootstrapProperties-oj-gateway.yaml,DEFAULT_GROUP'}, BootstrapPropertySource {name='bootstrapProperties-oj-gateway,DEFAULT_GROUP'}]
17:25:09.683 [main] INFO  c.b.g.OjGatewayApplication - [logStartupProfileInfo,636] - The following 1 profile is active: "local"
17:25:10.369 [main] INFO  o.s.d.r.c.RepositoryConfigurationDelegate - [multipleStoresDetected,294] - Multiple Spring Data modules found, entering strict repository configuration mode
17:25:10.373 [main] INFO  o.s.d.r.c.RepositoryConfigurationDelegate - [registerRepositoriesIn,138] - Bootstrapping Spring Data Redis repositories in DEFAULT mode.
17:25:10.406 [main] INFO  o.s.d.r.c.RepositoryConfigurationDelegate - [registerRepositoriesIn,208] - Finished Spring Data repository scanning in 12 ms. Found 0 Redis repository interfaces.
17:25:10.639 [main] INFO  o.s.c.c.s.GenericScope - [setSerializationId,282] - BeanFactory id=9d06a675-b5f0-3825-ab7e-36a87cb987ef
17:25:10.670 [main] INFO  o.s.c.s.PostProcessorRegistrationDelegate$BeanPostProcessorChecker - [postProcessAfterInitialization,409] - Bean 'org.springframework.cloud.client.loadbalancer.reactive.LoadBalancerBeanPostProcessorAutoConfiguration' of type [org.springframework.cloud.client.loadbalancer.reactive.LoadBalancerBeanPostProcessorAutoConfiguration] is not eligible for getting processed by all BeanPostProcessors (for example: not eligible for auto-proxying)
17:25:10.672 [main] INFO  o.s.c.s.PostProcessorRegistrationDelegate$BeanPostProcessorChecker - [postProcessAfterInitialization,409] - Bean 'org.springframework.cloud.client.loadbalancer.reactive.LoadBalancerBeanPostProcessorAutoConfiguration$ReactorDeferringLoadBalancerFilterConfig' of type [org.springframework.cloud.client.loadbalancer.reactive.LoadBalancerBeanPostProcessorAutoConfiguration$ReactorDeferringLoadBalancerFilterConfig] is not eligible for getting processed by all BeanPostProcessors (for example: not eligible for auto-proxying)
17:25:10.672 [main] INFO  o.s.c.s.PostProcessorRegistrationDelegate$BeanPostProcessorChecker - [postProcessAfterInitialization,409] - Bean 'reactorDeferringLoadBalancerExchangeFilterFunction' of type [org.springframework.cloud.client.loadbalancer.reactive.DeferringLoadBalancerExchangeFilterFunction] is not eligible for getting processed by all BeanPostProcessors (for example: not eligible for auto-proxying)
17:25:12.082 [main] INFO  o.s.c.g.r.RouteDefinitionRouteLocator - [lambda$initFactories$1,88] - Loaded RoutePredicateFactory [After]
17:25:12.083 [main] INFO  o.s.c.g.r.RouteDefinitionRouteLocator - [lambda$initFactories$1,88] - Loaded RoutePredicateFactory [Before]
17:25:12.084 [main] INFO  o.s.c.g.r.RouteDefinitionRouteLocator - [lambda$initFactories$1,88] - Loaded RoutePredicateFactory [Between]
17:25:12.084 [main] INFO  o.s.c.g.r.RouteDefinitionRouteLocator - [lambda$initFactories$1,88] - Loaded RoutePredicateFactory [Cookie]
17:25:12.084 [main] INFO  o.s.c.g.r.RouteDefinitionRouteLocator - [lambda$initFactories$1,88] - Loaded RoutePredicateFactory [Header]
17:25:12.085 [main] INFO  o.s.c.g.r.RouteDefinitionRouteLocator - [lambda$initFactories$1,88] - Loaded RoutePredicateFactory [Host]
17:25:12.085 [main] INFO  o.s.c.g.r.RouteDefinitionRouteLocator - [lambda$initFactories$1,88] - Loaded RoutePredicateFactory [Method]
17:25:12.085 [main] INFO  o.s.c.g.r.RouteDefinitionRouteLocator - [lambda$initFactories$1,88] - Loaded RoutePredicateFactory [Path]
17:25:12.085 [main] INFO  o.s.c.g.r.RouteDefinitionRouteLocator - [lambda$initFactories$1,88] - Loaded RoutePredicateFactory [Query]
17:25:12.085 [main] INFO  o.s.c.g.r.RouteDefinitionRouteLocator - [lambda$initFactories$1,88] - Loaded RoutePredicateFactory [ReadBody]
17:25:12.085 [main] INFO  o.s.c.g.r.RouteDefinitionRouteLocator - [lambda$initFactories$1,88] - Loaded RoutePredicateFactory [RemoteAddr]
17:25:12.085 [main] INFO  o.s.c.g.r.RouteDefinitionRouteLocator - [lambda$initFactories$1,88] - Loaded RoutePredicateFactory [XForwardedRemoteAddr]
17:25:12.086 [main] INFO  o.s.c.g.r.RouteDefinitionRouteLocator - [lambda$initFactories$1,88] - Loaded RoutePredicateFactory [Weight]
17:25:12.086 [main] INFO  o.s.c.g.r.RouteDefinitionRouteLocator - [lambda$initFactories$1,88] - Loaded RoutePredicateFactory [CloudFoundryRouteService]
17:25:12.676 [main] INFO  o.s.b.w.e.n.NettyWebServer - [start,111] - Netty started on port 19090
17:25:12.835 [main] INFO  c.a.n.client.naming - [initNamespaceForNaming,62] - initializer namespace from ans.namespace attribute : null
17:25:12.836 [main] INFO  c.a.n.client.naming - [lambda$initNamespaceForNaming$0,66] - initializer namespace from ALIBABA_ALIWARE_NAMESPACE attribute :null
17:25:12.836 [main] INFO  c.a.n.client.naming - [lambda$initNamespaceForNaming$1,73] - initializer namespace from namespace attribute :null
17:25:12.840 [main] INFO  c.a.n.p.a.s.c.ClientAuthPluginManager - [init,56] - [ClientAuthPluginManager] Load ClientAuthService com.alibaba.nacos.client.auth.impl.NacosClientAuthServiceImpl success.
17:25:12.840 [main] INFO  c.a.n.p.a.s.c.ClientAuthPluginManager - [init,56] - [ClientAuthPluginManager] Load ClientAuthService com.alibaba.nacos.client.auth.ram.RamClientAuthServiceImpl success.
17:25:12.842 [main] INFO  c.a.n.c.r.client - [lambda$createClient$0,108] - [RpcClientFactory] create a new rpc client of ceac11f2-2578-4c63-8b39-d3a4e4304084
17:25:12.843 [main] INFO  c.a.n.c.r.client - [printIfInfoEnabled,63] - [ceac11f2-2578-4c63-8b39-d3a4e4304084] RpcClient init, ServerListFactory = com.alibaba.nacos.client.naming.core.ServerListManager
17:25:12.843 [main] INFO  c.a.n.c.r.client - [printIfInfoEnabled,63] - [ceac11f2-2578-4c63-8b39-d3a4e4304084] Registry connection listener to current client:com.alibaba.nacos.client.naming.remote.gprc.redo.NamingGrpcRedoService
17:25:12.844 [main] INFO  c.a.n.c.r.client - [printIfInfoEnabled,63] - [ceac11f2-2578-4c63-8b39-d3a4e4304084] Register server push request handler:com.alibaba.nacos.client.naming.remote.gprc.NamingPushRequestHandler
17:25:12.844 [main] INFO  c.a.n.c.r.client - [printIfInfoEnabled,63] - [ceac11f2-2578-4c63-8b39-d3a4e4304084] Try to connect to server on start up, server: {serverIp = '127.0.0.1', server main port = 8848}
17:25:12.844 [main] INFO  c.a.n.c.r.c.g.GrpcClient - [createNewManagedChannel,182] - grpc client connection server:127.0.0.1 ip,serverPort:9848,grpcTslConfig:{"sslProvider":"OPENSSL","enableTls":false,"mutualAuthEnable":false,"trustAll":false}
17:25:12.954 [main] INFO  c.a.n.c.r.client - [printIfInfoEnabled,63] - [ceac11f2-2578-4c63-8b39-d3a4e4304084] Success to connect to server [127.0.0.1:8848] on start up, connectionId = 1756977912849_127.0.0.1_52023
17:25:12.954 [main] INFO  c.a.n.c.r.client - [printIfInfoEnabled,63] - [ceac11f2-2578-4c63-8b39-d3a4e4304084] Register server push request handler:com.alibaba.nacos.common.remote.client.RpcClient$ConnectResetRequestHandler
17:25:12.955 [com.alibaba.nacos.client.remote.worker] INFO  c.a.n.c.r.client - [printIfInfoEnabled,63] - [ceac11f2-2578-4c63-8b39-d3a4e4304084] Notify connected event to listeners.
17:25:12.955 [main] INFO  c.a.n.c.r.client - [printIfInfoEnabled,63] - [ceac11f2-2578-4c63-8b39-d3a4e4304084] Register server push request handler:com.alibaba.nacos.common.remote.client.RpcClient$$Lambda$540/0x0000025843476150
17:25:12.956 [com.alibaba.nacos.client.remote.worker] INFO  c.a.n.client.naming - [onConnected,78] - Grpc connection connect
17:25:12.960 [main] INFO  c.a.n.client.naming - [registerService,121] - [REGISTER-SERVICE] 6da8a526-6d1e-4653-84f9-35a9e7371961 registering service oj-gateway with instance Instance{instanceId='null', ip='192.168.17.200', port=19090, weight=1.0, healthy=true, enabled=true, ephemeral=true, clusterName='DEFAULT', serviceName='null', metadata={IPv6=[2409:893d:7a37:5e2f:7c6:17:e35:ccba], preserved.register.source=SPRING_CLOUD}}
17:25:12.970 [main] INFO  c.a.c.n.r.NacosServiceRegistry - [register,76] - nacos registry, DEFAULT_GROUP oj-gateway 192.168.17.200:19090 register finished
17:25:13.019 [main] INFO  c.b.g.OjGatewayApplication - [logStarted,57] - Started OjGatewayApplication in 5.68 seconds (process running for 6.426)
17:25:13.026 [main] INFO  c.a.n.c.c.i.CacheData - [<clinit>,67] - nacos.cache.data.init.snapshot = true 
17:25:13.028 [main] INFO  c.a.n.c.c.i.ClientWorker - [addCacheDataIfAbsent,380] - [fixed-6da8a526-6d1e-4653-84f9-35a9e7371961-127.0.0.1_8848] [subscribe] oj-gateway-local.yaml+DEFAULT_GROUP+6da8a526-6d1e-4653-84f9-35a9e7371961
17:25:13.038 [main] INFO  c.a.n.c.c.i.CacheData - [addListener,197] - [fixed-6da8a526-6d1e-4653-84f9-35a9e7371961-127.0.0.1_8848] [add-listener] ok, tenant=6da8a526-6d1e-4653-84f9-35a9e7371961, dataId=oj-gateway-local.yaml, group=DEFAULT_GROUP, cnt=1
17:25:13.038 [main] INFO  c.a.c.n.r.NacosContextRefresher - [registerNacosListener,129] - [Nacos Config] Listening config: dataId=oj-gateway-local.yaml, group=DEFAULT_GROUP
17:25:13.038 [main] INFO  c.a.n.c.c.i.ClientWorker - [addCacheDataIfAbsent,380] - [fixed-6da8a526-6d1e-4653-84f9-35a9e7371961-127.0.0.1_8848] [subscribe] oj-gateway+DEFAULT_GROUP+6da8a526-6d1e-4653-84f9-35a9e7371961
17:25:13.039 [main] INFO  c.a.n.c.c.i.CacheData - [addListener,197] - [fixed-6da8a526-6d1e-4653-84f9-35a9e7371961-127.0.0.1_8848] [add-listener] ok, tenant=6da8a526-6d1e-4653-84f9-35a9e7371961, dataId=oj-gateway, group=DEFAULT_GROUP, cnt=1
17:25:13.039 [main] INFO  c.a.c.n.r.NacosContextRefresher - [registerNacosListener,129] - [Nacos Config] Listening config: dataId=oj-gateway, group=DEFAULT_GROUP
17:25:13.039 [main] INFO  c.a.n.c.c.i.ClientWorker - [addCacheDataIfAbsent,380] - [fixed-6da8a526-6d1e-4653-84f9-35a9e7371961-127.0.0.1_8848] [subscribe] oj-gateway.yaml+DEFAULT_GROUP+6da8a526-6d1e-4653-84f9-35a9e7371961
17:25:13.039 [main] INFO  c.a.n.c.c.i.CacheData - [addListener,197] - [fixed-6da8a526-6d1e-4653-84f9-35a9e7371961-127.0.0.1_8848] [add-listener] ok, tenant=6da8a526-6d1e-4653-84f9-35a9e7371961, dataId=oj-gateway.yaml, group=DEFAULT_GROUP, cnt=1
17:25:13.040 [main] INFO  c.a.c.n.r.NacosContextRefresher - [registerNacosListener,129] - [Nacos Config] Listening config: dataId=oj-gateway.yaml, group=DEFAULT_GROUP
17:25:31.525 [boundedElastic-1] INFO  c.a.n.client.naming - [subscribe,167] - [SUBSCRIBE-SERVICE] service:oj-system, group:DEFAULT_GROUP, clusters: 
17:25:31.540 [boundedElastic-1] INFO  c.a.n.client.naming - [isChangedServiceInfo,184] - init new ips(1) service: DEFAULT_GROUP@@oj-system -> [{"ip":"192.168.17.200","port":9201,"weight":1.0,"healthy":true,"enabled":true,"ephemeral":true,"clusterName":"DEFAULT","serviceName":"DEFAULT_GROUP@@oj-system","metadata":{"preserved.register.source":"SPRING_CLOUD","IPv6":"[2409:893d:7a37:5e2f:7c6:17:e35:ccba]"},"ipDeleteTimeout":30000,"instanceHeartBeatInterval":5000,"instanceHeartBeatTimeOut":15000}]
17:25:31.541 [boundedElastic-1] INFO  c.a.n.client.naming - [processServiceInfo,169] - current ips:(1) service: DEFAULT_GROUP@@oj-system -> [{"ip":"192.168.17.200","port":9201,"weight":1.0,"healthy":true,"enabled":true,"ephemeral":true,"clusterName":"DEFAULT","serviceName":"DEFAULT_GROUP@@oj-system","metadata":{"preserved.register.source":"SPRING_CLOUD","IPv6":"[2409:893d:7a37:5e2f:7c6:17:e35:ccba]"},"ipDeleteTimeout":30000,"instanceHeartBeatInterval":5000,"instanceHeartBeatTimeOut":15000}]
17:25:32.128 [nacos-grpc-client-executor-127.0.0.1-12] INFO  c.a.n.c.r.client - [printIfInfoEnabled,63] - [ceac11f2-2578-4c63-8b39-d3a4e4304084] Receive server push request, request = NotifySubscriberRequest, requestId = 3
17:25:32.128 [nacos-grpc-client-executor-127.0.0.1-12] INFO  c.a.n.c.r.client - [printIfInfoEnabled,63] - [ceac11f2-2578-4c63-8b39-d3a4e4304084] Ack server push request, request = NotifySubscriberRequest, requestId = 3
17:56:50.895 [SpringApplicationShutdownHook] INFO  c.a.c.n.r.NacosServiceRegistry - [deregister,95] - De-registering from Nacos Server now...
17:56:50.895 [SpringApplicationShutdownHook] INFO  c.a.n.client.naming - [deregisterService,217] - [DEREGISTER-SERVICE] 6da8a526-6d1e-4653-84f9-35a9e7371961 deregistering service oj-gateway with instance: Instance{instanceId='null', ip='192.168.17.200', port=19090, weight=1.0, healthy=true, enabled=true, ephemeral=true, clusterName='DEFAULT', serviceName='null', metadata={}}
17:56:50.898 [SpringApplicationShutdownHook] INFO  c.a.c.n.r.NacosServiceRegistry - [deregister,115] - De-registration finished.
17:56:50.900 [SpringApplicationShutdownHook] INFO  c.a.n.client.naming - [shutdown,256] - com.alibaba.nacos.client.naming.cache.ServiceInfoHolder do shutdown begin
17:56:50.901 [SpringApplicationShutdownHook] INFO  c.a.n.client.naming - [shutdown,136] - com.alibaba.nacos.client.naming.backups.FailoverReactor do shutdown begin
17:56:50.901 [SpringApplicationShutdownHook] INFO  c.a.n.client.naming - [shutdown,138] - com.alibaba.nacos.client.naming.backups.FailoverReactor do shutdown stop
17:56:50.902 [SpringApplicationShutdownHook] INFO  c.a.n.client.naming - [shutdown,258] - com.alibaba.nacos.client.naming.cache.ServiceInfoHolder do shutdown stop
17:56:50.902 [SpringApplicationShutdownHook] INFO  c.a.n.client.naming - [shutdown,204] - com.alibaba.nacos.client.naming.remote.NamingClientProxyDelegate do shutdown begin
17:56:50.902 [SpringApplicationShutdownHook] INFO  c.a.n.client.naming - [shutdown,143] - com.alibaba.nacos.client.naming.core.ServiceInfoUpdateService do shutdown begin
17:56:50.903 [SpringApplicationShutdownHook] INFO  c.a.n.client.naming - [shutdown,145] - com.alibaba.nacos.client.naming.core.ServiceInfoUpdateService do shutdown stop
17:56:50.903 [SpringApplicationShutdownHook] INFO  c.a.n.client.naming - [shutdown,194] - com.alibaba.nacos.client.naming.core.ServerListManager do shutdown begin
17:56:50.903 [SpringApplicationShutdownHook] INFO  c.a.n.client.naming - [shutdown,199] - com.alibaba.nacos.client.naming.core.ServerListManager do shutdown stop
17:56:50.903 [SpringApplicationShutdownHook] INFO  c.a.n.client.naming - [shutdown,484] - com.alibaba.nacos.client.naming.remote.http.NamingHttpClientProxy do shutdown begin
17:56:50.903 [SpringApplicationShutdownHook] INFO  c.a.n.client.naming - [shutdown,486] - com.alibaba.nacos.client.naming.remote.http.NamingHttpClientProxy do shutdown stop
17:56:50.903 [SpringApplicationShutdownHook] INFO  c.a.n.c.r.client - [shutdown,429] - Shutdown rpc client, set status to shutdown
17:56:50.903 [SpringApplicationShutdownHook] INFO  c.a.n.c.r.client - [shutdown,431] - Shutdown client event executor java.util.concurrent.ScheduledThreadPoolExecutor@493712e2[Running, pool size = 2, active threads = 2, queued tasks = 0, completed tasks = 0]
17:56:50.904 [SpringApplicationShutdownHook] INFO  c.a.n.c.r.client - [closeConnection,584] - Close current connection 1756977912849_127.0.0.1_52023
17:56:50.905 [nacos-grpc-client-executor-127.0.0.1-398] INFO  c.a.n.c.r.c.g.GrpcClient - [printIfInfoEnabled,63] - [1756977912849_127.0.0.1_52023]Ignore complete event,isRunning:false,isAbandon=false
17:56:50.906 [SpringApplicationShutdownHook] INFO  c.a.n.c.r.c.g.GrpcClient - [shutdown,159] - Shutdown grpc executor java.util.concurrent.ThreadPoolExecutor@fb9997f[Running, pool size = 4, active threads = 0, queued tasks = 0, completed tasks = 399]
17:56:50.907 [SpringApplicationShutdownHook] INFO  c.a.n.client.naming - [shutdown,318] - Shutdown grpc redo service executor java.util.concurrent.ScheduledThreadPoolExecutor@2cb82b0c[Running, pool size = 1, active threads = 0, queued tasks = 1, completed tasks = 631]
17:56:50.907 [SpringApplicationShutdownHook] INFO  c.a.n.c.a.r.i.CredentialWatcher - [stop,106] - [null] CredentialWatcher is stopped
17:56:50.908 [SpringApplicationShutdownHook] INFO  c.a.n.c.a.r.i.CredentialService - [free,100] - [null] CredentialService is freed
17:56:50.908 [SpringApplicationShutdownHook] INFO  c.a.n.client.naming - [shutdown,211] - com.alibaba.nacos.client.naming.remote.NamingClientProxyDelegate do shutdown stop
17:56:51.545 [com.alibaba.nacos.client.Worker] INFO  c.a.n.c.a.r.i.CredentialWatcher - [loadCredential,165] - null No credential found
