07:59:22.910 [main] INFO  c.a.n.c.u.ParamUtil - [<clinit>,87] - [settings] [req-serv] nacos-server port:8848
07:59:22.913 [main] INFO  c.a.n.c.u.ParamUtil - [<clinit>,98] - [settings] [http-client] connect timeout:1000
07:59:22.915 [main] INFO  c.a.n.c.u.ParamUtil - [<clinit>,105] - PER_TASK_CONFIG_SIZE: 3000.0
07:59:23.000 [main] INFO  c.a.n.p.a.s.c.ClientAuthPluginManager - [init,56] - [ClientAuthPluginManager] Load ClientAuthService com.alibaba.nacos.client.auth.impl.NacosClientAuthServiceImpl success.
07:59:23.001 [main] INFO  c.a.n.p.a.s.c.ClientAuthPluginManager - [init,56] - [ClientAuthPluginManager] Load ClientAuthService com.alibaba.nacos.client.auth.ram.RamClientAuthServiceImpl success.
07:59:23.006 [main] INFO  c.a.n.c.a.r.i.CredentialWatcher - [loadCredential,165] - null No credential found
07:59:23.315 [main] INFO  c.a.n.c.c.i.LocalConfigInfoProcessor - [<clinit>,63] - LOCAL_SNAPSHOT_PATH:C:\Users\dell\nacos\config
07:59:23.322 [main] INFO  c.a.n.c.r.client - [lambda$createClient$0,108] - [RpcClientFactory] create a new rpc client of 01f42485-8df1-4068-9623-561855da92be_config-0
07:59:23.349 [main] INFO  c.a.n.c.r.client - [printIfInfoEnabled,63] - [01f42485-8df1-4068-9623-561855da92be_config-0] Register server push request handler:com.alibaba.nacos.client.config.impl.ClientWorker$ConfigRpcTransportClient$$Lambda$519/0x000001b2572b9c90
07:59:23.351 [main] INFO  c.a.n.c.r.client - [printIfInfoEnabled,63] - [01f42485-8df1-4068-9623-561855da92be_config-0] Register server push request handler:com.alibaba.nacos.client.config.impl.ClientWorker$ConfigRpcTransportClient$$Lambda$520/0x000001b2572ba0b0
07:59:23.351 [main] INFO  c.a.n.c.r.client - [printIfInfoEnabled,63] - [01f42485-8df1-4068-9623-561855da92be_config-0] Registry connection listener to current client:com.alibaba.nacos.client.config.impl.ClientWorker$ConfigRpcTransportClient$1
07:59:23.352 [main] INFO  c.a.n.c.r.client - [printIfInfoEnabled,63] - [01f42485-8df1-4068-9623-561855da92be_config-0] RpcClient init, ServerListFactory = com.alibaba.nacos.client.config.impl.ClientWorker$ConfigRpcTransportClient$2
07:59:23.369 [main] INFO  c.a.n.c.r.client - [printIfInfoEnabled,63] - [01f42485-8df1-4068-9623-561855da92be_config-0] Try to connect to server on start up, server: {serverIp = '127.0.0.1', server main port = 8848}
07:59:23.418 [main] INFO  c.a.n.c.r.c.g.GrpcClient - [createNewManagedChannel,182] - grpc client connection server:127.0.0.1 ip,serverPort:9848,grpcTslConfig:{"sslProvider":"OPENSSL","enableTls":false,"mutualAuthEnable":false,"trustAll":false}
07:59:24.403 [main] INFO  c.a.n.c.r.client - [printIfInfoEnabled,63] - [01f42485-8df1-4068-9623-561855da92be_config-0] Success to connect to server [127.0.0.1:8848] on start up, connectionId = 1756857564204_127.0.0.1_51436
07:59:24.405 [com.alibaba.nacos.client.remote.worker] INFO  c.a.n.c.r.client - [printIfInfoEnabled,63] - [01f42485-8df1-4068-9623-561855da92be_config-0] Notify connected event to listeners.
07:59:24.406 [main] INFO  c.a.n.c.r.client - [printIfInfoEnabled,63] - [01f42485-8df1-4068-9623-561855da92be_config-0] Register server push request handler:com.alibaba.nacos.common.remote.client.RpcClient$ConnectResetRequestHandler
07:59:24.406 [com.alibaba.nacos.client.remote.worker] INFO  c.a.n.c.c.i.ClientWorker - [onConnected,639] - [01f42485-8df1-4068-9623-561855da92be_config-0] Connected,notify listen context...
07:59:24.407 [main] INFO  c.a.n.c.r.client - [printIfInfoEnabled,63] - [01f42485-8df1-4068-9623-561855da92be_config-0] Register server push request handler:com.alibaba.nacos.common.remote.client.RpcClient$$Lambda$542/0x000001b257450890
07:59:24.502 [main] INFO  c.a.n.c.c.i.Limiter - [<clinit>,62] - limitTime:5.0
07:59:24.586 [main] INFO  c.a.n.c.c.u.JvmUtil - [<clinit>,54] - isMultiInstance:false
07:59:24.594 [main] INFO  o.s.c.b.c.PropertySourceBootstrapConfiguration - [initialize,108] - Located property source: [BootstrapPropertySource {name='bootstrapProperties-oj-system-local.yaml,DEFAULT_GROUP'}, BootstrapPropertySource {name='bootstrapProperties-oj-system.yaml,DEFAULT_GROUP'}, BootstrapPropertySource {name='bootstrapProperties-oj-system,DEFAULT_GROUP'}]
07:59:24.603 [main] INFO  c.b.s.OjSystemApplication - [logStartupProfileInfo,636] - The following 1 profile is active: "local"
07:59:25.613 [main] INFO  o.s.d.r.c.RepositoryConfigurationDelegate - [multipleStoresDetected,294] - Multiple Spring Data modules found, entering strict repository configuration mode
07:59:25.617 [main] INFO  o.s.d.r.c.RepositoryConfigurationDelegate - [registerRepositoriesIn,138] - Bootstrapping Spring Data Redis repositories in DEFAULT mode.
07:59:25.655 [main] INFO  o.s.d.r.c.RepositoryConfigurationDelegate - [registerRepositoriesIn,208] - Finished Spring Data repository scanning in 11 ms. Found 0 Redis repository interfaces.
07:59:25.972 [main] INFO  o.s.c.c.s.GenericScope - [setSerializationId,282] - BeanFactory id=29610c3b-cfbc-33b0-bd15-e2199f0c23cf
07:59:26.678 [main] INFO  o.s.b.w.e.t.TomcatWebServer - [initialize,108] - Tomcat initialized with port(s): 9201 (http)
07:59:26.698 [main] INFO  o.a.c.h.Http11NioProtocol - [log,173] - Initializing ProtocolHandler ["http-nio-9201"]
07:59:26.699 [main] INFO  o.a.c.c.StandardService - [log,173] - Starting service [Tomcat]
07:59:26.700 [main] INFO  o.a.c.c.StandardEngine - [log,173] - Starting Servlet engine: [Apache Tomcat/10.1.4]
07:59:26.802 [main] INFO  o.a.c.c.C.[.[.[/] - [log,173] - Initializing Spring embedded WebApplicationContext
07:59:26.804 [main] INFO  o.s.b.w.s.c.ServletWebServerApplicationContext - [prepareWebApplicationContext,291] - Root WebApplicationContext: initialization completed in 2156 ms
07:59:28.741 [main] INFO  o.a.c.h.Http11NioProtocol - [log,173] - Starting ProtocolHandler ["http-nio-9201"]
07:59:28.758 [main] INFO  o.s.b.w.e.t.TomcatWebServer - [start,220] - Tomcat started on port(s): 9201 (http) with context path ''
07:59:28.763 [main] INFO  c.a.n.client.naming - [initNamespaceForNaming,62] - initializer namespace from ans.namespace attribute : null
07:59:28.764 [main] INFO  c.a.n.client.naming - [lambda$initNamespaceForNaming$0,66] - initializer namespace from ALIBABA_ALIWARE_NAMESPACE attribute :null
07:59:28.765 [main] INFO  c.a.n.client.naming - [lambda$initNamespaceForNaming$1,73] - initializer namespace from namespace attribute :null
07:59:28.777 [main] INFO  c.a.n.p.a.s.c.ClientAuthPluginManager - [init,56] - [ClientAuthPluginManager] Load ClientAuthService com.alibaba.nacos.client.auth.impl.NacosClientAuthServiceImpl success.
07:59:28.778 [main] INFO  c.a.n.p.a.s.c.ClientAuthPluginManager - [init,56] - [ClientAuthPluginManager] Load ClientAuthService com.alibaba.nacos.client.auth.ram.RamClientAuthServiceImpl success.
07:59:28.783 [main] INFO  c.a.n.c.r.client - [lambda$createClient$0,108] - [RpcClientFactory] create a new rpc client of 1d2acef4-7143-4a29-bc16-80f4f3ffaba7
07:59:28.789 [main] INFO  c.a.n.c.r.client - [printIfInfoEnabled,63] - [1d2acef4-7143-4a29-bc16-80f4f3ffaba7] RpcClient init, ServerListFactory = com.alibaba.nacos.client.naming.core.ServerListManager
07:59:28.791 [main] INFO  c.a.n.c.r.client - [printIfInfoEnabled,63] - [1d2acef4-7143-4a29-bc16-80f4f3ffaba7] Registry connection listener to current client:com.alibaba.nacos.client.naming.remote.gprc.redo.NamingGrpcRedoService
07:59:28.793 [main] INFO  c.a.n.c.r.client - [printIfInfoEnabled,63] - [1d2acef4-7143-4a29-bc16-80f4f3ffaba7] Register server push request handler:com.alibaba.nacos.client.naming.remote.gprc.NamingPushRequestHandler
07:59:28.794 [main] INFO  c.a.n.c.r.client - [printIfInfoEnabled,63] - [1d2acef4-7143-4a29-bc16-80f4f3ffaba7] Try to connect to server on start up, server: {serverIp = '127.0.0.1', server main port = 8848}
07:59:28.795 [main] INFO  c.a.n.c.r.c.g.GrpcClient - [createNewManagedChannel,182] - grpc client connection server:127.0.0.1 ip,serverPort:9848,grpcTslConfig:{"sslProvider":"OPENSSL","enableTls":false,"mutualAuthEnable":false,"trustAll":false}
07:59:28.903 [http-nio-9201-exec-1] INFO  o.a.c.c.C.[.[.[/] - [log,173] - Initializing Spring DispatcherServlet 'dispatcherServlet'
07:59:28.904 [http-nio-9201-exec-1] INFO  o.s.w.s.DispatcherServlet - [initServletBean,532] - Initializing Servlet 'dispatcherServlet'
07:59:28.906 [http-nio-9201-exec-1] INFO  o.s.w.s.DispatcherServlet - [initServletBean,554] - Completed initialization in 2 ms
07:59:28.929 [main] INFO  c.a.n.c.r.client - [printIfInfoEnabled,63] - [1d2acef4-7143-4a29-bc16-80f4f3ffaba7] Success to connect to server [127.0.0.1:8848] on start up, connectionId = 1756857568807_127.0.0.1_51467
07:59:28.929 [main] INFO  c.a.n.c.r.client - [printIfInfoEnabled,63] - [1d2acef4-7143-4a29-bc16-80f4f3ffaba7] Register server push request handler:com.alibaba.nacos.common.remote.client.RpcClient$ConnectResetRequestHandler
07:59:28.929 [com.alibaba.nacos.client.remote.worker] INFO  c.a.n.c.r.client - [printIfInfoEnabled,63] - [1d2acef4-7143-4a29-bc16-80f4f3ffaba7] Notify connected event to listeners.
07:59:28.929 [main] INFO  c.a.n.c.r.client - [printIfInfoEnabled,63] - [1d2acef4-7143-4a29-bc16-80f4f3ffaba7] Register server push request handler:com.alibaba.nacos.common.remote.client.RpcClient$$Lambda$542/0x000001b257450890
07:59:28.930 [com.alibaba.nacos.client.remote.worker] INFO  c.a.n.client.naming - [onConnected,78] - Grpc connection connect
07:59:28.933 [main] INFO  c.a.n.client.naming - [registerService,121] - [REGISTER-SERVICE] 6da8a526-6d1e-4653-84f9-35a9e7371961 registering service oj-system with instance Instance{instanceId='null', ip='192.168.17.200', port=9201, weight=1.0, healthy=true, enabled=true, ephemeral=true, clusterName='DEFAULT', serviceName='null', metadata={IPv6=[2409:893d:7a37:5e2f:7c6:17:e35:ccba], preserved.register.source=SPRING_CLOUD}}
07:59:28.963 [main] INFO  c.a.c.n.r.NacosServiceRegistry - [register,76] - nacos registry, DEFAULT_GROUP oj-system 192.168.17.200:9201 register finished
07:59:29.138 [main] INFO  c.b.s.OjSystemApplication - [logStarted,57] - Started OjSystemApplication in 7.406 seconds (process running for 8.226)
07:59:29.144 [main] INFO  c.a.n.c.c.i.CacheData - [<clinit>,67] - nacos.cache.data.init.snapshot = true 
07:59:29.146 [main] INFO  c.a.n.c.c.i.ClientWorker - [addCacheDataIfAbsent,380] - [fixed-6da8a526-6d1e-4653-84f9-35a9e7371961-127.0.0.1_8848] [subscribe] oj-system-local.yaml+DEFAULT_GROUP+6da8a526-6d1e-4653-84f9-35a9e7371961
07:59:29.153 [main] INFO  c.a.n.c.c.i.CacheData - [addListener,197] - [fixed-6da8a526-6d1e-4653-84f9-35a9e7371961-127.0.0.1_8848] [add-listener] ok, tenant=6da8a526-6d1e-4653-84f9-35a9e7371961, dataId=oj-system-local.yaml, group=DEFAULT_GROUP, cnt=1
07:59:29.154 [main] INFO  c.a.c.n.r.NacosContextRefresher - [registerNacosListener,129] - [Nacos Config] Listening config: dataId=oj-system-local.yaml, group=DEFAULT_GROUP
07:59:29.154 [main] INFO  c.a.n.c.c.i.ClientWorker - [addCacheDataIfAbsent,380] - [fixed-6da8a526-6d1e-4653-84f9-35a9e7371961-127.0.0.1_8848] [subscribe] oj-system+DEFAULT_GROUP+6da8a526-6d1e-4653-84f9-35a9e7371961
07:59:29.156 [main] INFO  c.a.n.c.c.i.CacheData - [addListener,197] - [fixed-6da8a526-6d1e-4653-84f9-35a9e7371961-127.0.0.1_8848] [add-listener] ok, tenant=6da8a526-6d1e-4653-84f9-35a9e7371961, dataId=oj-system, group=DEFAULT_GROUP, cnt=1
07:59:29.157 [main] INFO  c.a.c.n.r.NacosContextRefresher - [registerNacosListener,129] - [Nacos Config] Listening config: dataId=oj-system, group=DEFAULT_GROUP
07:59:29.159 [main] INFO  c.a.n.c.c.i.ClientWorker - [addCacheDataIfAbsent,380] - [fixed-6da8a526-6d1e-4653-84f9-35a9e7371961-127.0.0.1_8848] [subscribe] oj-system.yaml+DEFAULT_GROUP+6da8a526-6d1e-4653-84f9-35a9e7371961
07:59:29.160 [main] INFO  c.a.n.c.c.i.CacheData - [addListener,197] - [fixed-6da8a526-6d1e-4653-84f9-35a9e7371961-127.0.0.1_8848] [add-listener] ok, tenant=6da8a526-6d1e-4653-84f9-35a9e7371961, dataId=oj-system.yaml, group=DEFAULT_GROUP, cnt=1
07:59:29.160 [main] INFO  c.a.c.n.r.NacosContextRefresher - [registerNacosListener,129] - [Nacos Config] Listening config: dataId=oj-system.yaml, group=DEFAULT_GROUP
07:59:29.769 [http-nio-9201-exec-9] INFO  o.s.a.AbstractOpenApiResource - [getOpenApi,387] - Init duration for springdoc-openapi is: 325 ms
08:01:29.279 [http-nio-9201-exec-6] INFO  c.z.h.HikariDataSource - [getConnection,110] - HikariPool-1 - Starting...
08:01:30.426 [http-nio-9201-exec-6] INFO  c.z.h.p.HikariPool - [checkFailFast,565] - HikariPool-1 - Added connection com.mysql.cj.jdbc.ConnectionImpl@3d8c32e6
08:01:30.431 [http-nio-9201-exec-6] INFO  c.z.h.HikariDataSource - [getConnection,123] - HikariPool-1 - Start completed.
08:03:19.851 [SpringApplicationShutdownHook] INFO  c.z.h.HikariDataSource - [close,350] - HikariPool-1 - Shutdown initiated...
08:03:19.863 [SpringApplicationShutdownHook] INFO  c.z.h.HikariDataSource - [close,352] - HikariPool-1 - Shutdown completed.
08:03:19.865 [SpringApplicationShutdownHook] INFO  c.a.c.n.r.NacosServiceRegistry - [deregister,95] - De-registering from Nacos Server now...
08:03:19.865 [SpringApplicationShutdownHook] INFO  c.a.n.client.naming - [deregisterService,217] - [DEREGISTER-SERVICE] 6da8a526-6d1e-4653-84f9-35a9e7371961 deregistering service oj-system with instance: Instance{instanceId='null', ip='192.168.17.200', port=9201, weight=1.0, healthy=true, enabled=true, ephemeral=true, clusterName='DEFAULT', serviceName='null', metadata={}}
08:03:19.873 [SpringApplicationShutdownHook] INFO  c.a.c.n.r.NacosServiceRegistry - [deregister,115] - De-registration finished.
08:03:19.874 [SpringApplicationShutdownHook] INFO  c.a.n.client.naming - [shutdown,256] - com.alibaba.nacos.client.naming.cache.ServiceInfoHolder do shutdown begin
08:03:19.875 [SpringApplicationShutdownHook] INFO  c.a.n.client.naming - [shutdown,136] - com.alibaba.nacos.client.naming.backups.FailoverReactor do shutdown begin
08:03:19.875 [SpringApplicationShutdownHook] INFO  c.a.n.client.naming - [shutdown,138] - com.alibaba.nacos.client.naming.backups.FailoverReactor do shutdown stop
08:03:19.875 [SpringApplicationShutdownHook] INFO  c.a.n.client.naming - [shutdown,258] - com.alibaba.nacos.client.naming.cache.ServiceInfoHolder do shutdown stop
08:03:19.875 [SpringApplicationShutdownHook] INFO  c.a.n.client.naming - [shutdown,204] - com.alibaba.nacos.client.naming.remote.NamingClientProxyDelegate do shutdown begin
08:03:19.876 [SpringApplicationShutdownHook] INFO  c.a.n.client.naming - [shutdown,143] - com.alibaba.nacos.client.naming.core.ServiceInfoUpdateService do shutdown begin
08:03:19.876 [SpringApplicationShutdownHook] INFO  c.a.n.client.naming - [shutdown,145] - com.alibaba.nacos.client.naming.core.ServiceInfoUpdateService do shutdown stop
08:03:19.876 [SpringApplicationShutdownHook] INFO  c.a.n.client.naming - [shutdown,194] - com.alibaba.nacos.client.naming.core.ServerListManager do shutdown begin
08:03:19.876 [SpringApplicationShutdownHook] INFO  c.a.n.client.naming - [shutdown,199] - com.alibaba.nacos.client.naming.core.ServerListManager do shutdown stop
08:03:19.876 [SpringApplicationShutdownHook] INFO  c.a.n.client.naming - [shutdown,484] - com.alibaba.nacos.client.naming.remote.http.NamingHttpClientProxy do shutdown begin
08:03:19.877 [SpringApplicationShutdownHook] INFO  c.a.n.client.naming - [shutdown,486] - com.alibaba.nacos.client.naming.remote.http.NamingHttpClientProxy do shutdown stop
08:03:19.877 [SpringApplicationShutdownHook] INFO  c.a.n.c.r.client - [shutdown,429] - Shutdown rpc client, set status to shutdown
08:03:19.877 [SpringApplicationShutdownHook] INFO  c.a.n.c.r.client - [shutdown,431] - Shutdown client event executor java.util.concurrent.ScheduledThreadPoolExecutor@5f1a8b3[Running, pool size = 2, active threads = 2, queued tasks = 0, completed tasks = 0]
08:03:19.877 [SpringApplicationShutdownHook] INFO  c.a.n.c.r.client - [closeConnection,584] - Close current connection 1756857568807_127.0.0.1_51467
08:03:19.879 [nacos-grpc-client-executor-127.0.0.1-62] INFO  c.a.n.c.r.c.g.GrpcClient - [printIfInfoEnabled,63] - [1756857568807_127.0.0.1_51467]Ignore complete event,isRunning:false,isAbandon=false
08:03:19.885 [SpringApplicationShutdownHook] INFO  c.a.n.c.r.c.g.GrpcClient - [shutdown,159] - Shutdown grpc executor java.util.concurrent.ThreadPoolExecutor@6fb1cfa5[Running, pool size = 4, active threads = 0, queued tasks = 0, completed tasks = 63]
08:03:19.885 [SpringApplicationShutdownHook] INFO  c.a.n.client.naming - [shutdown,318] - Shutdown grpc redo service executor java.util.concurrent.ScheduledThreadPoolExecutor@4cdf2740[Running, pool size = 1, active threads = 0, queued tasks = 1, completed tasks = 76]
08:03:19.885 [SpringApplicationShutdownHook] INFO  c.a.n.c.a.r.i.CredentialWatcher - [stop,106] - [null] CredentialWatcher is stopped
08:03:19.886 [SpringApplicationShutdownHook] INFO  c.a.n.c.a.r.i.CredentialService - [free,100] - [null] CredentialService is freed
08:03:19.886 [SpringApplicationShutdownHook] INFO  c.a.n.client.naming - [shutdown,211] - com.alibaba.nacos.client.naming.remote.NamingClientProxyDelegate do shutdown stop
08:03:26.549 [main] INFO  c.a.n.c.u.ParamUtil - [<clinit>,87] - [settings] [req-serv] nacos-server port:8848
08:03:26.550 [main] INFO  c.a.n.c.u.ParamUtil - [<clinit>,98] - [settings] [http-client] connect timeout:1000
08:03:26.551 [main] INFO  c.a.n.c.u.ParamUtil - [<clinit>,105] - PER_TASK_CONFIG_SIZE: 3000.0
08:03:26.632 [main] INFO  c.a.n.p.a.s.c.ClientAuthPluginManager - [init,56] - [ClientAuthPluginManager] Load ClientAuthService com.alibaba.nacos.client.auth.impl.NacosClientAuthServiceImpl success.
08:03:26.632 [main] INFO  c.a.n.p.a.s.c.ClientAuthPluginManager - [init,56] - [ClientAuthPluginManager] Load ClientAuthService com.alibaba.nacos.client.auth.ram.RamClientAuthServiceImpl success.
08:03:26.638 [main] INFO  c.a.n.c.a.r.i.CredentialWatcher - [loadCredential,165] - null No credential found
08:03:26.908 [main] INFO  c.a.n.c.c.i.LocalConfigInfoProcessor - [<clinit>,63] - LOCAL_SNAPSHOT_PATH:C:\Users\dell\nacos\config
08:03:26.912 [main] INFO  c.a.n.c.r.client - [lambda$createClient$0,108] - [RpcClientFactory] create a new rpc client of b048497f-534b-48ba-abfc-20304b70dc2b_config-0
08:03:26.939 [main] INFO  c.a.n.c.r.client - [printIfInfoEnabled,63] - [b048497f-534b-48ba-abfc-20304b70dc2b_config-0] Register server push request handler:com.alibaba.nacos.client.config.impl.ClientWorker$ConfigRpcTransportClient$$Lambda$519/0x00000258642b97a8
08:03:26.940 [main] INFO  c.a.n.c.r.client - [printIfInfoEnabled,63] - [b048497f-534b-48ba-abfc-20304b70dc2b_config-0] Register server push request handler:com.alibaba.nacos.client.config.impl.ClientWorker$ConfigRpcTransportClient$$Lambda$520/0x00000258642b9bc8
08:03:26.940 [main] INFO  c.a.n.c.r.client - [printIfInfoEnabled,63] - [b048497f-534b-48ba-abfc-20304b70dc2b_config-0] Registry connection listener to current client:com.alibaba.nacos.client.config.impl.ClientWorker$ConfigRpcTransportClient$1
08:03:26.941 [main] INFO  c.a.n.c.r.client - [printIfInfoEnabled,63] - [b048497f-534b-48ba-abfc-20304b70dc2b_config-0] RpcClient init, ServerListFactory = com.alibaba.nacos.client.config.impl.ClientWorker$ConfigRpcTransportClient$2
08:03:26.952 [main] INFO  c.a.n.c.r.client - [printIfInfoEnabled,63] - [b048497f-534b-48ba-abfc-20304b70dc2b_config-0] Try to connect to server on start up, server: {serverIp = '127.0.0.1', server main port = 8848}
08:03:26.991 [main] INFO  c.a.n.c.r.c.g.GrpcClient - [createNewManagedChannel,182] - grpc client connection server:127.0.0.1 ip,serverPort:9848,grpcTslConfig:{"sslProvider":"OPENSSL","enableTls":false,"mutualAuthEnable":false,"trustAll":false}
08:03:28.012 [main] INFO  c.a.n.c.r.client - [printIfInfoEnabled,63] - [b048497f-534b-48ba-abfc-20304b70dc2b_config-0] Success to connect to server [127.0.0.1:8848] on start up, connectionId = 1756857807788_127.0.0.1_51522
08:03:28.014 [com.alibaba.nacos.client.remote.worker] INFO  c.a.n.c.r.client - [printIfInfoEnabled,63] - [b048497f-534b-48ba-abfc-20304b70dc2b_config-0] Notify connected event to listeners.
08:03:28.014 [main] INFO  c.a.n.c.r.client - [printIfInfoEnabled,63] - [b048497f-534b-48ba-abfc-20304b70dc2b_config-0] Register server push request handler:com.alibaba.nacos.common.remote.client.RpcClient$ConnectResetRequestHandler
08:03:28.014 [com.alibaba.nacos.client.remote.worker] INFO  c.a.n.c.c.i.ClientWorker - [onConnected,639] - [b048497f-534b-48ba-abfc-20304b70dc2b_config-0] Connected,notify listen context...
08:03:28.016 [main] INFO  c.a.n.c.r.client - [printIfInfoEnabled,63] - [b048497f-534b-48ba-abfc-20304b70dc2b_config-0] Register server push request handler:com.alibaba.nacos.common.remote.client.RpcClient$$Lambda$542/0x0000025864450890
08:03:28.086 [main] INFO  c.a.n.c.c.i.Limiter - [<clinit>,62] - limitTime:5.0
08:03:28.155 [main] INFO  c.a.n.c.c.u.JvmUtil - [<clinit>,54] - isMultiInstance:false
08:03:28.173 [main] INFO  o.s.c.b.c.PropertySourceBootstrapConfiguration - [initialize,108] - Located property source: [BootstrapPropertySource {name='bootstrapProperties-oj-system-local.yaml,DEFAULT_GROUP'}, BootstrapPropertySource {name='bootstrapProperties-oj-system.yaml,DEFAULT_GROUP'}, BootstrapPropertySource {name='bootstrapProperties-oj-system,DEFAULT_GROUP'}]
08:03:28.184 [main] INFO  c.b.s.OjSystemApplication - [logStartupProfileInfo,636] - The following 1 profile is active: "local"
08:03:29.105 [main] INFO  o.s.d.r.c.RepositoryConfigurationDelegate - [multipleStoresDetected,294] - Multiple Spring Data modules found, entering strict repository configuration mode
08:03:29.110 [main] INFO  o.s.d.r.c.RepositoryConfigurationDelegate - [registerRepositoriesIn,138] - Bootstrapping Spring Data Redis repositories in DEFAULT mode.
08:03:29.146 [main] INFO  o.s.d.r.c.RepositoryConfigurationDelegate - [registerRepositoriesIn,208] - Finished Spring Data repository scanning in 9 ms. Found 0 Redis repository interfaces.
08:03:29.421 [main] INFO  o.s.c.c.s.GenericScope - [setSerializationId,282] - BeanFactory id=29610c3b-cfbc-33b0-bd15-e2199f0c23cf
08:03:30.135 [main] INFO  o.s.b.w.e.t.TomcatWebServer - [initialize,108] - Tomcat initialized with port(s): 9201 (http)
08:03:30.165 [main] INFO  o.a.c.h.Http11NioProtocol - [log,173] - Initializing ProtocolHandler ["http-nio-9201"]
08:03:30.168 [main] INFO  o.a.c.c.StandardService - [log,173] - Starting service [Tomcat]
08:03:30.169 [main] INFO  o.a.c.c.StandardEngine - [log,173] - Starting Servlet engine: [Apache Tomcat/10.1.4]
08:03:30.339 [main] INFO  o.a.c.c.C.[.[.[/] - [log,173] - Initializing Spring embedded WebApplicationContext
08:03:30.340 [main] INFO  o.s.b.w.s.c.ServletWebServerApplicationContext - [prepareWebApplicationContext,291] - Root WebApplicationContext: initialization completed in 2116 ms
08:03:33.383 [main] INFO  o.a.c.h.Http11NioProtocol - [log,173] - Starting ProtocolHandler ["http-nio-9201"]
08:03:33.409 [main] INFO  o.s.b.w.e.t.TomcatWebServer - [start,220] - Tomcat started on port(s): 9201 (http) with context path ''
08:03:33.417 [main] INFO  c.a.n.client.naming - [initNamespaceForNaming,62] - initializer namespace from ans.namespace attribute : null
08:03:33.418 [main] INFO  c.a.n.client.naming - [lambda$initNamespaceForNaming$0,66] - initializer namespace from ALIBABA_ALIWARE_NAMESPACE attribute :null
08:03:33.420 [main] INFO  c.a.n.client.naming - [lambda$initNamespaceForNaming$1,73] - initializer namespace from namespace attribute :null
08:03:33.443 [main] INFO  c.a.n.p.a.s.c.ClientAuthPluginManager - [init,56] - [ClientAuthPluginManager] Load ClientAuthService com.alibaba.nacos.client.auth.impl.NacosClientAuthServiceImpl success.
08:03:33.443 [main] INFO  c.a.n.p.a.s.c.ClientAuthPluginManager - [init,56] - [ClientAuthPluginManager] Load ClientAuthService com.alibaba.nacos.client.auth.ram.RamClientAuthServiceImpl success.
08:03:33.451 [main] INFO  c.a.n.c.r.client - [lambda$createClient$0,108] - [RpcClientFactory] create a new rpc client of 564567dd-d3bf-4895-9e2e-191f363d09da
08:03:33.456 [main] INFO  c.a.n.c.r.client - [printIfInfoEnabled,63] - [564567dd-d3bf-4895-9e2e-191f363d09da] RpcClient init, ServerListFactory = com.alibaba.nacos.client.naming.core.ServerListManager
08:03:33.457 [main] INFO  c.a.n.c.r.client - [printIfInfoEnabled,63] - [564567dd-d3bf-4895-9e2e-191f363d09da] Registry connection listener to current client:com.alibaba.nacos.client.naming.remote.gprc.redo.NamingGrpcRedoService
08:03:33.459 [main] INFO  c.a.n.c.r.client - [printIfInfoEnabled,63] - [564567dd-d3bf-4895-9e2e-191f363d09da] Register server push request handler:com.alibaba.nacos.client.naming.remote.gprc.NamingPushRequestHandler
08:03:33.461 [main] INFO  c.a.n.c.r.client - [printIfInfoEnabled,63] - [564567dd-d3bf-4895-9e2e-191f363d09da] Try to connect to server on start up, server: {serverIp = '127.0.0.1', server main port = 8848}
08:03:33.462 [main] INFO  c.a.n.c.r.c.g.GrpcClient - [createNewManagedChannel,182] - grpc client connection server:127.0.0.1 ip,serverPort:9848,grpcTslConfig:{"sslProvider":"OPENSSL","enableTls":false,"mutualAuthEnable":false,"trustAll":false}
08:03:33.589 [main] INFO  c.a.n.c.r.client - [printIfInfoEnabled,63] - [564567dd-d3bf-4895-9e2e-191f363d09da] Success to connect to server [127.0.0.1:8848] on start up, connectionId = 1756857813470_127.0.0.1_51523
08:03:33.589 [main] INFO  c.a.n.c.r.client - [printIfInfoEnabled,63] - [564567dd-d3bf-4895-9e2e-191f363d09da] Register server push request handler:com.alibaba.nacos.common.remote.client.RpcClient$ConnectResetRequestHandler
08:03:33.590 [main] INFO  c.a.n.c.r.client - [printIfInfoEnabled,63] - [564567dd-d3bf-4895-9e2e-191f363d09da] Register server push request handler:com.alibaba.nacos.common.remote.client.RpcClient$$Lambda$542/0x0000025864450890
08:03:33.590 [com.alibaba.nacos.client.remote.worker] INFO  c.a.n.c.r.client - [printIfInfoEnabled,63] - [564567dd-d3bf-4895-9e2e-191f363d09da] Notify connected event to listeners.
08:03:33.590 [com.alibaba.nacos.client.remote.worker] INFO  c.a.n.client.naming - [onConnected,78] - Grpc connection connect
08:03:33.591 [main] INFO  c.a.n.client.naming - [registerService,121] - [REGISTER-SERVICE] 6da8a526-6d1e-4653-84f9-35a9e7371961 registering service oj-system with instance Instance{instanceId='null', ip='192.168.17.200', port=9201, weight=1.0, healthy=true, enabled=true, ephemeral=true, clusterName='DEFAULT', serviceName='null', metadata={IPv6=[2409:893d:7a37:5e2f:7c6:17:e35:ccba], preserved.register.source=SPRING_CLOUD}}
08:03:33.632 [main] INFO  c.a.c.n.r.NacosServiceRegistry - [register,76] - nacos registry, DEFAULT_GROUP oj-system 192.168.17.200:9201 register finished
08:03:33.777 [main] INFO  c.b.s.OjSystemApplication - [logStarted,57] - Started OjSystemApplication in 8.344 seconds (process running for 9.139)
08:03:33.783 [main] INFO  c.a.n.c.c.i.CacheData - [<clinit>,67] - nacos.cache.data.init.snapshot = true 
08:03:33.785 [main] INFO  c.a.n.c.c.i.ClientWorker - [addCacheDataIfAbsent,380] - [fixed-6da8a526-6d1e-4653-84f9-35a9e7371961-127.0.0.1_8848] [subscribe] oj-system-local.yaml+DEFAULT_GROUP+6da8a526-6d1e-4653-84f9-35a9e7371961
08:03:33.794 [main] INFO  c.a.n.c.c.i.CacheData - [addListener,197] - [fixed-6da8a526-6d1e-4653-84f9-35a9e7371961-127.0.0.1_8848] [add-listener] ok, tenant=6da8a526-6d1e-4653-84f9-35a9e7371961, dataId=oj-system-local.yaml, group=DEFAULT_GROUP, cnt=1
08:03:33.795 [main] INFO  c.a.c.n.r.NacosContextRefresher - [registerNacosListener,129] - [Nacos Config] Listening config: dataId=oj-system-local.yaml, group=DEFAULT_GROUP
08:03:33.795 [main] INFO  c.a.n.c.c.i.ClientWorker - [addCacheDataIfAbsent,380] - [fixed-6da8a526-6d1e-4653-84f9-35a9e7371961-127.0.0.1_8848] [subscribe] oj-system+DEFAULT_GROUP+6da8a526-6d1e-4653-84f9-35a9e7371961
08:03:33.796 [main] INFO  c.a.n.c.c.i.CacheData - [addListener,197] - [fixed-6da8a526-6d1e-4653-84f9-35a9e7371961-127.0.0.1_8848] [add-listener] ok, tenant=6da8a526-6d1e-4653-84f9-35a9e7371961, dataId=oj-system, group=DEFAULT_GROUP, cnt=1
08:03:33.797 [main] INFO  c.a.c.n.r.NacosContextRefresher - [registerNacosListener,129] - [Nacos Config] Listening config: dataId=oj-system, group=DEFAULT_GROUP
08:03:33.798 [main] INFO  c.a.n.c.c.i.ClientWorker - [addCacheDataIfAbsent,380] - [fixed-6da8a526-6d1e-4653-84f9-35a9e7371961-127.0.0.1_8848] [subscribe] oj-system.yaml+DEFAULT_GROUP+6da8a526-6d1e-4653-84f9-35a9e7371961
08:03:33.800 [main] INFO  c.a.n.c.c.i.CacheData - [addListener,197] - [fixed-6da8a526-6d1e-4653-84f9-35a9e7371961-127.0.0.1_8848] [add-listener] ok, tenant=6da8a526-6d1e-4653-84f9-35a9e7371961, dataId=oj-system.yaml, group=DEFAULT_GROUP, cnt=1
08:03:33.802 [main] INFO  c.a.c.n.r.NacosContextRefresher - [registerNacosListener,129] - [Nacos Config] Listening config: dataId=oj-system.yaml, group=DEFAULT_GROUP
08:07:32.897 [http-nio-9201-exec-1] INFO  o.a.c.c.C.[.[.[/] - [log,173] - Initializing Spring DispatcherServlet 'dispatcherServlet'
08:07:32.898 [http-nio-9201-exec-1] INFO  o.s.w.s.DispatcherServlet - [initServletBean,532] - Initializing Servlet 'dispatcherServlet'
08:07:32.902 [http-nio-9201-exec-1] INFO  o.s.w.s.DispatcherServlet - [initServletBean,554] - Completed initialization in 2 ms
08:07:33.532 [http-nio-9201-exec-3] INFO  o.s.a.AbstractOpenApiResource - [getOpenApi,387] - Init duration for springdoc-openapi is: 401 ms
08:11:33.606 [SpringApplicationShutdownHook] INFO  c.a.c.n.r.NacosServiceRegistry - [deregister,95] - De-registering from Nacos Server now...
08:11:33.606 [SpringApplicationShutdownHook] INFO  c.a.n.client.naming - [deregisterService,217] - [DEREGISTER-SERVICE] 6da8a526-6d1e-4653-84f9-35a9e7371961 deregistering service oj-system with instance: Instance{instanceId='null', ip='192.168.17.200', port=9201, weight=1.0, healthy=true, enabled=true, ephemeral=true, clusterName='DEFAULT', serviceName='null', metadata={}}
08:11:33.611 [SpringApplicationShutdownHook] INFO  c.a.c.n.r.NacosServiceRegistry - [deregister,115] - De-registration finished.
08:11:33.613 [SpringApplicationShutdownHook] INFO  c.a.n.client.naming - [shutdown,256] - com.alibaba.nacos.client.naming.cache.ServiceInfoHolder do shutdown begin
08:11:33.613 [SpringApplicationShutdownHook] INFO  c.a.n.client.naming - [shutdown,136] - com.alibaba.nacos.client.naming.backups.FailoverReactor do shutdown begin
08:11:33.613 [SpringApplicationShutdownHook] INFO  c.a.n.client.naming - [shutdown,138] - com.alibaba.nacos.client.naming.backups.FailoverReactor do shutdown stop
08:11:33.614 [SpringApplicationShutdownHook] INFO  c.a.n.client.naming - [shutdown,258] - com.alibaba.nacos.client.naming.cache.ServiceInfoHolder do shutdown stop
08:11:33.614 [SpringApplicationShutdownHook] INFO  c.a.n.client.naming - [shutdown,204] - com.alibaba.nacos.client.naming.remote.NamingClientProxyDelegate do shutdown begin
08:11:33.615 [SpringApplicationShutdownHook] INFO  c.a.n.client.naming - [shutdown,143] - com.alibaba.nacos.client.naming.core.ServiceInfoUpdateService do shutdown begin
08:11:33.615 [SpringApplicationShutdownHook] INFO  c.a.n.client.naming - [shutdown,145] - com.alibaba.nacos.client.naming.core.ServiceInfoUpdateService do shutdown stop
08:11:33.615 [SpringApplicationShutdownHook] INFO  c.a.n.client.naming - [shutdown,194] - com.alibaba.nacos.client.naming.core.ServerListManager do shutdown begin
08:11:33.616 [SpringApplicationShutdownHook] INFO  c.a.n.client.naming - [shutdown,199] - com.alibaba.nacos.client.naming.core.ServerListManager do shutdown stop
08:11:33.616 [SpringApplicationShutdownHook] INFO  c.a.n.client.naming - [shutdown,484] - com.alibaba.nacos.client.naming.remote.http.NamingHttpClientProxy do shutdown begin
08:11:33.618 [SpringApplicationShutdownHook] INFO  c.a.n.client.naming - [shutdown,486] - com.alibaba.nacos.client.naming.remote.http.NamingHttpClientProxy do shutdown stop
08:11:33.618 [SpringApplicationShutdownHook] INFO  c.a.n.c.r.client - [shutdown,429] - Shutdown rpc client, set status to shutdown
08:11:33.618 [SpringApplicationShutdownHook] INFO  c.a.n.c.r.client - [shutdown,431] - Shutdown client event executor java.util.concurrent.ScheduledThreadPoolExecutor@711c2da6[Running, pool size = 2, active threads = 2, queued tasks = 0, completed tasks = 0]
08:11:33.618 [SpringApplicationShutdownHook] INFO  c.a.n.c.r.client - [closeConnection,584] - Close current connection 1756857813470_127.0.0.1_51523
08:11:33.624 [nacos-grpc-client-executor-127.0.0.1-121] INFO  c.a.n.c.r.c.g.GrpcClient - [printIfInfoEnabled,63] - [1756857813470_127.0.0.1_51523]Ignore complete event,isRunning:false,isAbandon=false
08:11:33.629 [SpringApplicationShutdownHook] INFO  c.a.n.c.r.c.g.GrpcClient - [shutdown,159] - Shutdown grpc executor java.util.concurrent.ThreadPoolExecutor@1a08855d[Running, pool size = 4, active threads = 0, queued tasks = 0, completed tasks = 122]
08:11:33.630 [SpringApplicationShutdownHook] INFO  c.a.n.client.naming - [shutdown,318] - Shutdown grpc redo service executor java.util.concurrent.ScheduledThreadPoolExecutor@6cfdd542[Running, pool size = 1, active threads = 0, queued tasks = 1, completed tasks = 159]
08:11:33.630 [SpringApplicationShutdownHook] INFO  c.a.n.c.a.r.i.CredentialWatcher - [stop,106] - [null] CredentialWatcher is stopped
08:11:33.630 [SpringApplicationShutdownHook] INFO  c.a.n.c.a.r.i.CredentialService - [free,100] - [null] CredentialService is freed
08:11:33.631 [SpringApplicationShutdownHook] INFO  c.a.n.client.naming - [shutdown,211] - com.alibaba.nacos.client.naming.remote.NamingClientProxyDelegate do shutdown stop
08:11:40.097 [main] INFO  c.a.n.c.u.ParamUtil - [<clinit>,87] - [settings] [req-serv] nacos-server port:8848
08:11:40.098 [main] INFO  c.a.n.c.u.ParamUtil - [<clinit>,98] - [settings] [http-client] connect timeout:1000
08:11:40.099 [main] INFO  c.a.n.c.u.ParamUtil - [<clinit>,105] - PER_TASK_CONFIG_SIZE: 3000.0
08:11:40.182 [main] INFO  c.a.n.p.a.s.c.ClientAuthPluginManager - [init,56] - [ClientAuthPluginManager] Load ClientAuthService com.alibaba.nacos.client.auth.impl.NacosClientAuthServiceImpl success.
08:11:40.183 [main] INFO  c.a.n.p.a.s.c.ClientAuthPluginManager - [init,56] - [ClientAuthPluginManager] Load ClientAuthService com.alibaba.nacos.client.auth.ram.RamClientAuthServiceImpl success.
08:11:40.187 [main] INFO  c.a.n.c.a.r.i.CredentialWatcher - [loadCredential,165] - null No credential found
08:11:40.471 [main] INFO  c.a.n.c.c.i.LocalConfigInfoProcessor - [<clinit>,63] - LOCAL_SNAPSHOT_PATH:C:\Users\dell\nacos\config
08:11:40.476 [main] INFO  c.a.n.c.r.client - [lambda$createClient$0,108] - [RpcClientFactory] create a new rpc client of 3b5ca47c-6a3b-45b3-9cf2-3718161ae0f3_config-0
08:11:40.501 [main] INFO  c.a.n.c.r.client - [printIfInfoEnabled,63] - [3b5ca47c-6a3b-45b3-9cf2-3718161ae0f3_config-0] Register server push request handler:com.alibaba.nacos.client.config.impl.ClientWorker$ConfigRpcTransportClient$$Lambda$519/0x000001c0672b9830
08:11:40.502 [main] INFO  c.a.n.c.r.client - [printIfInfoEnabled,63] - [3b5ca47c-6a3b-45b3-9cf2-3718161ae0f3_config-0] Register server push request handler:com.alibaba.nacos.client.config.impl.ClientWorker$ConfigRpcTransportClient$$Lambda$520/0x000001c0672b9c50
08:11:40.502 [main] INFO  c.a.n.c.r.client - [printIfInfoEnabled,63] - [3b5ca47c-6a3b-45b3-9cf2-3718161ae0f3_config-0] Registry connection listener to current client:com.alibaba.nacos.client.config.impl.ClientWorker$ConfigRpcTransportClient$1
08:11:40.503 [main] INFO  c.a.n.c.r.client - [printIfInfoEnabled,63] - [3b5ca47c-6a3b-45b3-9cf2-3718161ae0f3_config-0] RpcClient init, ServerListFactory = com.alibaba.nacos.client.config.impl.ClientWorker$ConfigRpcTransportClient$2
08:11:40.511 [main] INFO  c.a.n.c.r.client - [printIfInfoEnabled,63] - [3b5ca47c-6a3b-45b3-9cf2-3718161ae0f3_config-0] Try to connect to server on start up, server: {serverIp = '127.0.0.1', server main port = 8848}
08:11:40.551 [main] INFO  c.a.n.c.r.c.g.GrpcClient - [createNewManagedChannel,182] - grpc client connection server:127.0.0.1 ip,serverPort:9848,grpcTslConfig:{"sslProvider":"OPENSSL","enableTls":false,"mutualAuthEnable":false,"trustAll":false}
08:11:41.436 [main] INFO  c.a.n.c.r.client - [printIfInfoEnabled,63] - [3b5ca47c-6a3b-45b3-9cf2-3718161ae0f3_config-0] Success to connect to server [127.0.0.1:8848] on start up, connectionId = 1756858301233_127.0.0.1_51587
08:11:41.437 [com.alibaba.nacos.client.remote.worker] INFO  c.a.n.c.r.client - [printIfInfoEnabled,63] - [3b5ca47c-6a3b-45b3-9cf2-3718161ae0f3_config-0] Notify connected event to listeners.
08:11:41.438 [com.alibaba.nacos.client.remote.worker] INFO  c.a.n.c.c.i.ClientWorker - [onConnected,639] - [3b5ca47c-6a3b-45b3-9cf2-3718161ae0f3_config-0] Connected,notify listen context...
08:11:41.438 [main] INFO  c.a.n.c.r.client - [printIfInfoEnabled,63] - [3b5ca47c-6a3b-45b3-9cf2-3718161ae0f3_config-0] Register server push request handler:com.alibaba.nacos.common.remote.client.RpcClient$ConnectResetRequestHandler
08:11:41.440 [main] INFO  c.a.n.c.r.client - [printIfInfoEnabled,63] - [3b5ca47c-6a3b-45b3-9cf2-3718161ae0f3_config-0] Register server push request handler:com.alibaba.nacos.common.remote.client.RpcClient$$Lambda$542/0x000001c067450890
08:11:41.485 [main] INFO  c.a.n.c.c.i.Limiter - [<clinit>,62] - limitTime:5.0
08:11:41.524 [main] INFO  c.a.n.c.c.u.JvmUtil - [<clinit>,54] - isMultiInstance:false
08:11:41.531 [main] INFO  o.s.c.b.c.PropertySourceBootstrapConfiguration - [initialize,108] - Located property source: [BootstrapPropertySource {name='bootstrapProperties-oj-system-local.yaml,DEFAULT_GROUP'}, BootstrapPropertySource {name='bootstrapProperties-oj-system.yaml,DEFAULT_GROUP'}, BootstrapPropertySource {name='bootstrapProperties-oj-system,DEFAULT_GROUP'}]
08:11:41.539 [main] INFO  c.b.s.OjSystemApplication - [logStartupProfileInfo,636] - The following 1 profile is active: "local"
08:11:42.413 [main] INFO  o.s.d.r.c.RepositoryConfigurationDelegate - [multipleStoresDetected,294] - Multiple Spring Data modules found, entering strict repository configuration mode
08:11:42.423 [main] INFO  o.s.d.r.c.RepositoryConfigurationDelegate - [registerRepositoriesIn,138] - Bootstrapping Spring Data Redis repositories in DEFAULT mode.
08:11:42.492 [main] INFO  o.s.d.r.c.RepositoryConfigurationDelegate - [registerRepositoriesIn,208] - Finished Spring Data repository scanning in 14 ms. Found 0 Redis repository interfaces.
08:11:42.811 [main] INFO  o.s.c.c.s.GenericScope - [setSerializationId,282] - BeanFactory id=29610c3b-cfbc-33b0-bd15-e2199f0c23cf
08:11:43.565 [main] INFO  o.s.b.w.e.t.TomcatWebServer - [initialize,108] - Tomcat initialized with port(s): 9201 (http)
08:11:43.581 [main] INFO  o.a.c.h.Http11NioProtocol - [log,173] - Initializing ProtocolHandler ["http-nio-9201"]
08:11:43.582 [main] INFO  o.a.c.c.StandardService - [log,173] - Starting service [Tomcat]
08:11:43.582 [main] INFO  o.a.c.c.StandardEngine - [log,173] - Starting Servlet engine: [Apache Tomcat/10.1.4]
08:11:43.707 [main] INFO  o.a.c.c.C.[.[.[/] - [log,173] - Initializing Spring embedded WebApplicationContext
08:11:43.709 [main] INFO  o.s.b.w.s.c.ServletWebServerApplicationContext - [prepareWebApplicationContext,291] - Root WebApplicationContext: initialization completed in 2147 ms
08:11:46.969 [main] INFO  o.a.c.h.Http11NioProtocol - [log,173] - Starting ProtocolHandler ["http-nio-9201"]
08:11:46.994 [main] INFO  o.s.b.w.e.t.TomcatWebServer - [start,220] - Tomcat started on port(s): 9201 (http) with context path ''
08:11:47.000 [main] INFO  c.a.n.client.naming - [initNamespaceForNaming,62] - initializer namespace from ans.namespace attribute : null
08:11:47.001 [main] INFO  c.a.n.client.naming - [lambda$initNamespaceForNaming$0,66] - initializer namespace from ALIBABA_ALIWARE_NAMESPACE attribute :null
08:11:47.003 [main] INFO  c.a.n.client.naming - [lambda$initNamespaceForNaming$1,73] - initializer namespace from namespace attribute :null
08:11:47.025 [main] INFO  c.a.n.p.a.s.c.ClientAuthPluginManager - [init,56] - [ClientAuthPluginManager] Load ClientAuthService com.alibaba.nacos.client.auth.impl.NacosClientAuthServiceImpl success.
08:11:47.025 [main] INFO  c.a.n.p.a.s.c.ClientAuthPluginManager - [init,56] - [ClientAuthPluginManager] Load ClientAuthService com.alibaba.nacos.client.auth.ram.RamClientAuthServiceImpl success.
08:11:47.037 [main] INFO  c.a.n.c.r.client - [lambda$createClient$0,108] - [RpcClientFactory] create a new rpc client of b1e8a4d1-90fd-42ee-b3b6-79299e30a91d
08:11:47.047 [main] INFO  c.a.n.c.r.client - [printIfInfoEnabled,63] - [b1e8a4d1-90fd-42ee-b3b6-79299e30a91d] RpcClient init, ServerListFactory = com.alibaba.nacos.client.naming.core.ServerListManager
08:11:47.047 [main] INFO  c.a.n.c.r.client - [printIfInfoEnabled,63] - [b1e8a4d1-90fd-42ee-b3b6-79299e30a91d] Registry connection listener to current client:com.alibaba.nacos.client.naming.remote.gprc.redo.NamingGrpcRedoService
08:11:47.049 [main] INFO  c.a.n.c.r.client - [printIfInfoEnabled,63] - [b1e8a4d1-90fd-42ee-b3b6-79299e30a91d] Register server push request handler:com.alibaba.nacos.client.naming.remote.gprc.NamingPushRequestHandler
08:11:47.051 [main] INFO  c.a.n.c.r.client - [printIfInfoEnabled,63] - [b1e8a4d1-90fd-42ee-b3b6-79299e30a91d] Try to connect to server on start up, server: {serverIp = '127.0.0.1', server main port = 8848}
08:11:47.052 [main] INFO  c.a.n.c.r.c.g.GrpcClient - [createNewManagedChannel,182] - grpc client connection server:127.0.0.1 ip,serverPort:9848,grpcTslConfig:{"sslProvider":"OPENSSL","enableTls":false,"mutualAuthEnable":false,"trustAll":false}
08:11:47.173 [main] INFO  c.a.n.c.r.client - [printIfInfoEnabled,63] - [b1e8a4d1-90fd-42ee-b3b6-79299e30a91d] Success to connect to server [127.0.0.1:8848] on start up, connectionId = 1756858307060_127.0.0.1_51591
08:11:47.174 [com.alibaba.nacos.client.remote.worker] INFO  c.a.n.c.r.client - [printIfInfoEnabled,63] - [b1e8a4d1-90fd-42ee-b3b6-79299e30a91d] Notify connected event to listeners.
08:11:47.174 [main] INFO  c.a.n.c.r.client - [printIfInfoEnabled,63] - [b1e8a4d1-90fd-42ee-b3b6-79299e30a91d] Register server push request handler:com.alibaba.nacos.common.remote.client.RpcClient$ConnectResetRequestHandler
08:11:47.175 [main] INFO  c.a.n.c.r.client - [printIfInfoEnabled,63] - [b1e8a4d1-90fd-42ee-b3b6-79299e30a91d] Register server push request handler:com.alibaba.nacos.common.remote.client.RpcClient$$Lambda$542/0x000001c067450890
08:11:47.175 [com.alibaba.nacos.client.remote.worker] INFO  c.a.n.client.naming - [onConnected,78] - Grpc connection connect
08:11:47.177 [main] INFO  c.a.n.client.naming - [registerService,121] - [REGISTER-SERVICE] 6da8a526-6d1e-4653-84f9-35a9e7371961 registering service oj-system with instance Instance{instanceId='null', ip='192.168.17.200', port=9201, weight=1.0, healthy=true, enabled=true, ephemeral=true, clusterName='DEFAULT', serviceName='null', metadata={IPv6=[2409:893d:7a37:5e2f:7c6:17:e35:ccba], preserved.register.source=SPRING_CLOUD}}
08:11:47.207 [main] INFO  c.a.c.n.r.NacosServiceRegistry - [register,76] - nacos registry, DEFAULT_GROUP oj-system 192.168.17.200:9201 register finished
08:11:47.345 [main] INFO  c.b.s.OjSystemApplication - [logStarted,57] - Started OjSystemApplication in 8.339 seconds (process running for 9.111)
08:11:47.351 [main] INFO  c.a.n.c.c.i.CacheData - [<clinit>,67] - nacos.cache.data.init.snapshot = true 
08:11:47.353 [main] INFO  c.a.n.c.c.i.ClientWorker - [addCacheDataIfAbsent,380] - [fixed-6da8a526-6d1e-4653-84f9-35a9e7371961-127.0.0.1_8848] [subscribe] oj-system-local.yaml+DEFAULT_GROUP+6da8a526-6d1e-4653-84f9-35a9e7371961
08:11:47.366 [main] INFO  c.a.n.c.c.i.CacheData - [addListener,197] - [fixed-6da8a526-6d1e-4653-84f9-35a9e7371961-127.0.0.1_8848] [add-listener] ok, tenant=6da8a526-6d1e-4653-84f9-35a9e7371961, dataId=oj-system-local.yaml, group=DEFAULT_GROUP, cnt=1
08:11:47.366 [main] INFO  c.a.c.n.r.NacosContextRefresher - [registerNacosListener,129] - [Nacos Config] Listening config: dataId=oj-system-local.yaml, group=DEFAULT_GROUP
08:11:47.367 [main] INFO  c.a.n.c.c.i.ClientWorker - [addCacheDataIfAbsent,380] - [fixed-6da8a526-6d1e-4653-84f9-35a9e7371961-127.0.0.1_8848] [subscribe] oj-system+DEFAULT_GROUP+6da8a526-6d1e-4653-84f9-35a9e7371961
08:11:47.368 [main] INFO  c.a.n.c.c.i.CacheData - [addListener,197] - [fixed-6da8a526-6d1e-4653-84f9-35a9e7371961-127.0.0.1_8848] [add-listener] ok, tenant=6da8a526-6d1e-4653-84f9-35a9e7371961, dataId=oj-system, group=DEFAULT_GROUP, cnt=1
08:11:47.368 [main] INFO  c.a.c.n.r.NacosContextRefresher - [registerNacosListener,129] - [Nacos Config] Listening config: dataId=oj-system, group=DEFAULT_GROUP
08:11:47.370 [main] INFO  c.a.n.c.c.i.ClientWorker - [addCacheDataIfAbsent,380] - [fixed-6da8a526-6d1e-4653-84f9-35a9e7371961-127.0.0.1_8848] [subscribe] oj-system.yaml+DEFAULT_GROUP+6da8a526-6d1e-4653-84f9-35a9e7371961
08:11:47.371 [main] INFO  c.a.n.c.c.i.CacheData - [addListener,197] - [fixed-6da8a526-6d1e-4653-84f9-35a9e7371961-127.0.0.1_8848] [add-listener] ok, tenant=6da8a526-6d1e-4653-84f9-35a9e7371961, dataId=oj-system.yaml, group=DEFAULT_GROUP, cnt=1
08:11:47.372 [main] INFO  c.a.c.n.r.NacosContextRefresher - [registerNacosListener,129] - [Nacos Config] Listening config: dataId=oj-system.yaml, group=DEFAULT_GROUP
08:11:50.106 [http-nio-9201-exec-1] INFO  o.a.c.c.C.[.[.[/] - [log,173] - Initializing Spring DispatcherServlet 'dispatcherServlet'
08:11:50.107 [http-nio-9201-exec-1] INFO  o.s.w.s.DispatcherServlet - [initServletBean,532] - Initializing Servlet 'dispatcherServlet'
08:11:50.109 [http-nio-9201-exec-1] INFO  o.s.w.s.DispatcherServlet - [initServletBean,554] - Completed initialization in 2 ms
